TN:
SF:C:\Mean\FinalAssessment\ProjectManagement_Frontend\src\polyfills.ts
FNF:0
FNH:0
LF:0
LH:0
BRF:0
BRH:0
end_of_record
TN:
SF:C:\Mean\FinalAssessment\ProjectManagement_Frontend\src\test.ts
FNF:0
FNH:0
DA:13,1
DA:18,1
DA:20,1
LF:3
LH:3
BRF:0
BRH:0
end_of_record
TN:
SF:C:\Mean\FinalAssessment\ProjectManagement_Frontend\src\app\app.component.ts
FN:3,AppComponent
FNF:1
FNH:1
FNDA:3,AppComponent
DA:8,1
DA:9,3
DA:10,1
LF:3
LH:3
BRF:0
BRH:0
end_of_record
TN:
SF:C:\Mean\FinalAssessment\ProjectManagement_Frontend\src\app\_models\project.model.ts
FN:1,(anonymous_0)
FN:9,Project
FN:14,(anonymous_2)
FNF:3
FNH:3
FNDA:1,(anonymous_0)
FNDA:17,Project
FNDA:2,(anonymous_2)
DA:1,1
DA:10,17
DA:12,1
DA:14,1
DA:20,1
DA:24,1
LF:6
LH:6
BRF:0
BRH:0
end_of_record
TN:
SF:C:\Mean\FinalAssessment\ProjectManagement_Frontend\src\app\_models\task.model.ts
FN:1,(anonymous_0)
FN:13,Task
FN:24,(anonymous_2)
FN:35,(anonymous_4)
FN:38,ParentTask
FNF:5
FNH:4
FNDA:1,(anonymous_0)
FNDA:22,Task
FNDA:1,(anonymous_2)
FNDA:1,(anonymous_4)
FNDA:0,ParentTask
DA:1,1
DA:14,22
DA:15,22
DA:16,22
DA:17,22
DA:18,22
DA:19,22
DA:20,22
DA:22,1
DA:24,1
DA:33,1
DA:35,1
DA:39,0
DA:41,1
LF:14
LH:13
BRDA:15,0,0,0
BRDA:15,0,1,22
BRDA:16,1,0,0
BRDA:16,1,1,22
BRF:4
BRH:2
end_of_record
TN:
SF:C:\Mean\FinalAssessment\ProjectManagement_Frontend\src\app\_models\user.model.ts
FN:1,(anonymous_0)
FN:9,User
FN:14,(anonymous_2)
FNF:3
FNH:3
FNDA:1,(anonymous_0)
FNDA:14,User
FNDA:1,(anonymous_2)
DA:1,1
DA:10,14
DA:12,1
DA:14,1
DA:15,1
DA:16,1
DA:17,1
DA:18,1
DA:19,1
LF:9
LH:9
BRDA:14,0,0,1
BRDA:14,0,1,1
BRF:2
BRH:2
end_of_record
TN:
SF:C:\Mean\FinalAssessment\ProjectManagement_Frontend\src\app\_services\project.service.ts
FN:14,ProjectService
FN:18,(anonymous_2)
FN:22,(anonymous_3)
FN:26,(anonymous_4)
FN:30,(anonymous_5)
FN:34,(anonymous_6)
FN:38,(anonymous_7)
FN:42,(anonymous_8)
FN:46,(anonymous_9)
FN:57,(anonymous_10)
FN:58,(anonymous_11)
FN:68,(anonymous_12)
FN:69,(anonymous_13)
FN:83,(anonymous_14)
FNF:14
FNH:14
FNDA:30,ProjectService
FNDA:1,(anonymous_2)
FNDA:2,(anonymous_3)
FNDA:1,(anonymous_4)
FNDA:1,(anonymous_5)
FNDA:1,(anonymous_6)
FNDA:1,(anonymous_7)
FNDA:1,(anonymous_8)
FNDA:1,(anonymous_9)
FNDA:3,(anonymous_10)
FNDA:3,(anonymous_11)
FNDA:4,(anonymous_12)
FNDA:4,(anonymous_13)
FNDA:1,(anonymous_14)
DA:10,1
DA:14,30
DA:15,30
DA:18,1
DA:22,1
DA:23,2
DA:26,1
DA:27,1
DA:30,1
DA:31,1
DA:34,1
DA:35,1
DA:38,1
DA:39,1
DA:42,1
DA:43,1
DA:46,1
DA:50,1
DA:51,1
DA:54,1
DA:57,1
DA:58,3
DA:60,1
DA:62,1
DA:64,1
DA:68,1
DA:69,4
DA:71,3
DA:72,3
DA:76,1
DA:77,1
DA:83,1
DA:84,1
DA:86,1
LF:34
LH:34
BRF:0
BRH:0
end_of_record
TN:
SF:C:\Mean\FinalAssessment\ProjectManagement_Frontend\src\app\_services\task.service.ts
FN:14,TaskService
FN:19,(anonymous_2)
FN:23,(anonymous_3)
FN:27,(anonymous_4)
FN:31,(anonymous_5)
FN:35,(anonymous_6)
FN:39,(anonymous_7)
FN:43,(anonymous_8)
FN:47,(anonymous_9)
FN:51,(anonymous_10)
FN:55,(anonymous_11)
FN:62,(anonymous_12)
FN:66,(anonymous_13)
FN:70,(anonymous_14)
FN:71,(anonymous_15)
FN:81,(anonymous_16)
FN:83,(anonymous_17)
FN:97,(anonymous_18)
FN:101,(anonymous_19)
FN:104,(anonymous_20)
FN:107,(anonymous_21)
FNF:21
FNH:21
FNDA:40,TaskService
FNDA:16,(anonymous_2)
FNDA:1,(anonymous_3)
FNDA:1,(anonymous_4)
FNDA:1,(anonymous_5)
FNDA:1,(anonymous_6)
FNDA:2,(anonymous_7)
FNDA:1,(anonymous_8)
FNDA:1,(anonymous_9)
FNDA:17,(anonymous_10)
FNDA:16,(anonymous_11)
FNDA:1,(anonymous_12)
FNDA:1,(anonymous_13)
FNDA:5,(anonymous_14)
FNDA:15,(anonymous_15)
FNDA:6,(anonymous_16)
FNDA:12,(anonymous_17)
FNDA:5,(anonymous_18)
FNDA:16,(anonymous_19)
FNDA:144,(anonymous_20)
FNDA:1296,(anonymous_21)
DA:9,1
DA:14,40
DA:15,40
DA:16,40
DA:19,1
DA:20,16
DA:23,1
DA:24,1
DA:27,1
DA:28,1
DA:31,1
DA:32,1
DA:35,1
DA:36,1
DA:39,1
DA:40,2
DA:43,1
DA:44,1
DA:47,1
DA:48,1
DA:51,1
DA:52,17
DA:55,1
DA:56,16
DA:62,1
DA:63,1
DA:66,1
DA:67,1
DA:70,1
DA:71,5
DA:73,8
DA:75,3
DA:77,4
DA:81,1
DA:83,6
DA:85,7
DA:86,7
DA:90,5
DA:91,5
DA:97,1
DA:98,5
DA:101,1
DA:104,16
DA:107,144
DA:109,128
DA:114,1
LF:46
LH:46
BRF:0
BRH:0
end_of_record
TN:
SF:C:\Mean\FinalAssessment\ProjectManagement_Frontend\src\app\_services\user.service.ts
FN:13,UserService
FN:17,(anonymous_2)
FN:21,(anonymous_3)
FN:25,(anonymous_4)
FN:29,(anonymous_5)
FN:34,(anonymous_6)
FN:38,(anonymous_7)
FN:41,(anonymous_8)
FN:45,(anonymous_9)
FN:49,(anonymous_10)
FN:57,(anonymous_11)
FN:58,(anonymous_12)
FN:68,(anonymous_13)
FNF:13
FNH:12
FNDA:51,UserService
FNDA:0,(anonymous_2)
FNDA:11,(anonymous_3)
FNDA:12,(anonymous_4)
FNDA:1,(anonymous_5)
FNDA:1,(anonymous_6)
FNDA:1,(anonymous_7)
FNDA:1,(anonymous_8)
FNDA:1,(anonymous_9)
FNDA:1,(anonymous_10)
FNDA:6,(anonymous_11)
FNDA:3,(anonymous_12)
FNDA:4,(anonymous_13)
DA:9,1
DA:13,51
DA:14,51
DA:17,1
DA:21,1
DA:22,11
DA:25,1
DA:26,12
DA:29,1
DA:30,1
DA:31,1
DA:34,1
DA:35,1
DA:38,1
DA:39,1
DA:41,1
DA:42,1
DA:45,1
DA:46,1
DA:49,1
DA:50,1
DA:57,1
DA:58,6
DA:60,1
DA:62,1
DA:64,1
DA:68,1
DA:69,4
DA:71,1
LF:29
LH:29
BRF:0
BRH:0
end_of_record
TN:
SF:C:\Mean\FinalAssessment\ProjectManagement_Frontend\src\app\_shared\dialog.component.ts
FN:14,DialogComponent
FN:20,(anonymous_2)
FN:24,(anonymous_3)
FNF:3
FNH:0
FNDA:0,DialogComponent
FNDA:0,(anonymous_2)
FNDA:0,(anonymous_3)
DA:11,1
DA:14,0
DA:15,0
DA:16,0
DA:17,0
DA:20,1
DA:21,0
DA:24,1
DA:25,0
DA:27,1
LF:10
LH:4
BRF:0
BRH:0
end_of_record
TN:
SF:C:\Mean\FinalAssessment\ProjectManagement_Frontend\src\app\_shared\show-message\show-message.component.ts
FN:11,ShowMessageComponent
FN:13,(anonymous_2)
FNF:2
FNH:2
FNDA:1,ShowMessageComponent
FNDA:1,(anonymous_2)
DA:9,1
DA:11,1
DA:13,1
DA:16,1
LF:4
LH:4
BRF:0
BRH:0
end_of_record
TN:
SF:C:\Mean\FinalAssessment\ProjectManagement_Frontend\src\app\_util\observe.service.ts
FN:5,ObserveService
FN:16,(anonymous_2)
FN:20,(anonymous_3)
FNF:3
FNH:3
FNDA:24,ObserveService
FNDA:1,(anonymous_2)
FNDA:1,(anonymous_3)
DA:8,1
DA:10,24
DA:11,24
DA:13,24
DA:14,24
DA:16,1
DA:17,1
DA:20,1
DA:21,1
DA:24,1
LF:10
LH:10
BRF:0
BRH:0
end_of_record
TN:
SF:C:\Mean\FinalAssessment\ProjectManagement_Frontend\src\app\_util\util-service.service.ts
FN:15,UtilServiceService
FN:17,(anonymous_2)
FN:20,(anonymous_3)
FN:27,(anonymous_4)
FN:35,(anonymous_5)
FN:44,(anonymous_6)
FN:48,(anonymous_7)
FNF:7
FNH:7
FNDA:103,UtilServiceService
FNDA:14,(anonymous_2)
FNDA:1,(anonymous_3)
FNDA:1,(anonymous_4)
FNDA:1,(anonymous_5)
FNDA:1,(anonymous_6)
FNDA:2,(anonymous_7)
DA:11,1
DA:13,103
DA:15,103
DA:17,1
DA:18,14
DA:20,1
DA:21,1
DA:22,1
DA:24,1
DA:27,1
DA:28,1
DA:29,1
DA:30,1
DA:32,1
DA:35,1
DA:36,1
DA:37,1
DA:39,1
DA:44,1
DA:45,1
DA:48,2
DA:50,1
DA:56,1
DA:61,1
LF:24
LH:24
BRDA:19,0,0,14
BRDA:19,0,1,2
BRDA:26,1,0,13
BRDA:26,1,1,2
BRDA:34,2,0,12
BRDA:34,2,1,2
BRDA:48,3,0,0
BRDA:48,3,1,2
BRF:8
BRH:7
end_of_record
TN:
SF:C:\Mean\FinalAssessment\ProjectManagement_Frontend\src\app\home\home.component.ts
FN:16,HomeComponent
FN:18,(anonymous_2)
FN:21,(anonymous_3)
FN:28,(anonymous_4)
FNF:4
FNH:3
FNDA:3,HomeComponent
FNDA:3,(anonymous_2)
FNDA:3,(anonymous_3)
FNDA:0,(anonymous_4)
DA:10,1
DA:13,3
DA:16,3
DA:18,3
DA:19,3
DA:20,3
DA:23,0
DA:28,1
DA:29,0
DA:30,0
DA:31,0
DA:34,0
DA:37,1
LF:13
LH:8
BRDA:29,0,0,0
BRDA:29,0,1,0
BRF:2
BRH:0
end_of_record
TN:
SF:C:\Mean\FinalAssessment\ProjectManagement_Frontend\src\app\project\add-project\add-project.component.ts
FN:39,AddProjectComponent
FN:42,(anonymous_2)
FN:72,(anonymous_3)
FN:85,(anonymous_4)
FN:94,(anonymous_5)
FN:97,(anonymous_6)
FN:115,(anonymous_7)
FN:117,(anonymous_8)
FN:123,(anonymous_9)
FN:132,(anonymous_10)
FN:146,(anonymous_11)
FN:152,(anonymous_12)
FN:166,(anonymous_13)
FN:180,(anonymous_14)
FN:197,(anonymous_15)
FN:208,(anonymous_16)
FN:216,(anonymous_17)
FNF:17
FNH:3
FNDA:1,AddProjectComponent
FNDA:0,(anonymous_2)
FNDA:1,(anonymous_3)
FNDA:8,(anonymous_4)
FNDA:0,(anonymous_5)
FNDA:0,(anonymous_6)
FNDA:0,(anonymous_7)
FNDA:0,(anonymous_8)
FNDA:0,(anonymous_9)
FNDA:0,(anonymous_10)
FNDA:0,(anonymous_11)
FNDA:0,(anonymous_12)
FNDA:0,(anonymous_13)
FNDA:0,(anonymous_14)
FNDA:0,(anonymous_15)
FNDA:0,(anonymous_16)
FNDA:0,(anonymous_17)
DA:17,1
DA:25,1
DA:26,1
DA:27,1
DA:28,1
DA:36,1
DA:37,2
DA:39,1
DA:40,1
DA:42,1
DA:44,0
DA:45,0
DA:47,0
DA:48,0
DA:49,0
DA:50,0
DA:51,0
DA:52,0
DA:53,0
DA:55,0
DA:56,0
DA:72,1
DA:73,1
DA:85,1
DA:87,0
DA:88,0
DA:90,8
DA:91,8
DA:94,1
DA:95,0
DA:97,1
DA:98,0
DA:99,0
DA:101,0
DA:102,0
DA:105,0
DA:106,0
DA:107,0
DA:108,0
DA:115,1
DA:116,0
DA:118,0
DA:119,0
DA:120,0
DA:121,0
DA:124,0
DA:125,0
DA:128,0
DA:132,0
DA:134,0
DA:135,0
DA:136,0
DA:137,0
DA:139,0
DA:141,0
DA:146,1
DA:149,0
DA:150,0
DA:151,0
DA:153,0
DA:154,0
DA:155,0
DA:156,0
DA:157,0
DA:167,0
DA:168,0
DA:172,0
DA:173,0
DA:174,0
DA:175,0
DA:176,0
DA:178,0
DA:179,0
DA:181,0
DA:182,0
DA:183,0
DA:184,0
DA:198,0
DA:199,0
DA:204,0
DA:208,1
DA:209,0
DA:210,0
DA:216,1
DA:217,0
DA:218,0
DA:219,0
DA:220,0
DA:222,1
LF:89
LH:22
BRDA:46,0,0,0
BRDA:46,0,1,0
BRDA:86,1,0,8
BRDA:86,1,1,8
BRF:4
BRH:2
end_of_record
TN:
SF:C:\Mean\FinalAssessment\ProjectManagement_Frontend\src\app\project\project-form\project-form.component.ts
FN:15,ProjectFormComponent
FN:20,(anonymous_2)
FN:24,(anonymous_3)
FN:29,(anonymous_4)
FN:31,(anonymous_5)
FN:39,(anonymous_6)
FN:40,(anonymous_7)
FN:42,(anonymous_8)
FN:50,(anonymous_9)
FN:70,(anonymous_10)
FN:72,(anonymous_11)
FN:81,(anonymous_12)
FN:87,(anonymous_13)
FNF:13
FNH:2
FNDA:1,ProjectFormComponent
FNDA:1,(anonymous_2)
FNDA:0,(anonymous_3)
FNDA:0,(anonymous_4)
FNDA:0,(anonymous_5)
FNDA:0,(anonymous_6)
FNDA:0,(anonymous_7)
FNDA:0,(anonymous_8)
FNDA:0,(anonymous_9)
FNDA:0,(anonymous_10)
FNDA:0,(anonymous_11)
FNDA:0,(anonymous_12)
FNDA:0,(anonymous_13)
DA:13,1
DA:15,1
DA:16,1
DA:20,1
DA:24,1
DA:25,0
DA:26,0
DA:29,1
DA:30,0
DA:33,0
DA:34,0
DA:39,1
DA:40,0
DA:41,0
DA:44,0
DA:45,0
DA:46,0
DA:47,0
DA:49,0
DA:50,0
DA:53,0
DA:56,0
DA:59,0
DA:63,0
DA:70,1
DA:71,0
DA:77,0
DA:78,0
DA:82,0
DA:83,0
DA:87,1
DA:88,0
DA:90,1
LF:33
LH:10
BRDA:52,0,0,0
BRDA:52,0,1,0
BRDA:52,0,2,0
BRDA:62,1,0,0
BRDA:62,1,1,0
BRF:5
BRH:0
end_of_record
TN:
SF:C:\Mean\FinalAssessment\ProjectManagement_Frontend\src\app\project\view-project\view-project.component.ts
FN:33,ViewProjectComponent
FN:36,(anonymous_2)
FN:40,(anonymous_3)
FN:50,(anonymous_4)
FN:52,(anonymous_5)
FN:63,(anonymous_6)
FN:64,(anonymous_7)
FN:66,(anonymous_8)
FN:74,(anonymous_9)
FN:91,(anonymous_10)
FN:98,(anonymous_11)
FN:100,(anonymous_12)
FN:109,(anonymous_13)
FN:115,(anonymous_14)
FN:145,(anonymous_15)
FN:150,(anonymous_16)
FN:159,(anonymous_17)
FN:165,(anonymous_18)
FNF:18
FNH:10
FNDA:1,ViewProjectComponent
FNDA:1,(anonymous_2)
FNDA:0,(anonymous_3)
FNDA:1,(anonymous_4)
FNDA:1,(anonymous_5)
FNDA:1,(anonymous_6)
FNDA:16,(anonymous_7)
FNDA:16,(anonymous_8)
FNDA:9,(anonymous_9)
FNDA:0,(anonymous_10)
FNDA:10,(anonymous_11)
FNDA:10,(anonymous_12)
FNDA:0,(anonymous_13)
FNDA:0,(anonymous_14)
FNDA:0,(anonymous_15)
FNDA:0,(anonymous_16)
FNDA:0,(anonymous_17)
FNDA:0,(anonymous_18)
DA:14,1
DA:21,1
DA:22,1
DA:27,1
DA:28,1
DA:29,1
DA:30,1
DA:32,1
DA:33,1
DA:34,1
DA:36,1
DA:37,1
DA:40,1
DA:43,0
DA:44,0
DA:50,1
DA:51,1
DA:54,1
DA:55,1
DA:56,1
DA:63,1
DA:64,1
DA:65,16
DA:68,16
DA:69,16
DA:70,16
DA:71,16
DA:73,6
DA:74,6
DA:77,9
DA:80,6
DA:83,10
DA:87,10
DA:92,0
DA:93,0
DA:98,10
DA:99,10
DA:105,10
DA:106,10
DA:110,0
DA:111,0
DA:115,1
DA:118,0
DA:119,0
DA:123,0
DA:124,0
DA:128,0
DA:129,0
DA:133,0
DA:134,0
DA:137,0
DA:145,1
DA:146,0
DA:148,0
DA:149,0
DA:150,0
DA:151,0
DA:154,0
DA:159,1
DA:162,0
DA:165,1
DA:166,0
DA:167,0
DA:175,1
LF:64
LH:40
BRDA:76,0,0,9
BRDA:76,0,1,0
BRDA:76,0,2,0
BRDA:86,1,0,16
BRDA:86,1,1,13
BRDA:147,2,0,0
BRDA:147,2,1,0
BRF:7
BRH:3
end_of_record
TN:
SF:C:\Mean\FinalAssessment\ProjectManagement_Frontend\src\app\task\add-task\add-task.component.ts
FN:29,AddTaskComponent
FN:42,(anonymous_2)
FN:45,(anonymous_3)
FN:61,(anonymous_4)
FN:73,(anonymous_5)
FN:82,(anonymous_6)
FN:84,(anonymous_7)
FN:89,(anonymous_8)
FN:101,(anonymous_9)
FN:131,(anonymous_10)
FN:161,(anonymous_11)
FN:165,(anonymous_12)
FN:173,(anonymous_13)
FN:179,(anonymous_14)
FN:186,(anonymous_15)
FN:190,(anonymous_16)
FN:199,(anonymous_17)
FN:205,(anonymous_18)
FN:213,(anonymous_19)
FN:217,(anonymous_20)
FN:225,(anonymous_21)
FN:231,(anonymous_22)
FN:238,(anonymous_23)
FN:250,(anonymous_24)
FN:258,(anonymous_25)
FN:270,(anonymous_26)
FN:289,(anonymous_27)
FN:297,(anonymous_28)
FN:305,(anonymous_29)
FNF:29
FNH:9
FNDA:10,AddTaskComponent
FNDA:1,(anonymous_2)
FNDA:10,(anonymous_3)
FNDA:10,(anonymous_4)
FNDA:135,(anonymous_5)
FNDA:0,(anonymous_6)
FNDA:0,(anonymous_7)
FNDA:0,(anonymous_8)
FNDA:1,(anonymous_9)
FNDA:2,(anonymous_10)
FNDA:0,(anonymous_11)
FNDA:0,(anonymous_12)
FNDA:0,(anonymous_13)
FNDA:0,(anonymous_14)
FNDA:0,(anonymous_15)
FNDA:0,(anonymous_16)
FNDA:0,(anonymous_17)
FNDA:0,(anonymous_18)
FNDA:0,(anonymous_19)
FNDA:0,(anonymous_20)
FNDA:0,(anonymous_21)
FNDA:0,(anonymous_22)
FNDA:3,(anonymous_23)
FNDA:0,(anonymous_24)
FNDA:0,(anonymous_25)
FNDA:0,(anonymous_26)
FNDA:0,(anonymous_27)
FNDA:1,(anonymous_28)
FNDA:0,(anonymous_29)
DA:20,1
DA:23,10
DA:24,10
DA:25,10
DA:27,10
DA:29,10
DA:30,10
DA:31,10
DA:32,10
DA:33,10
DA:34,10
DA:42,1
DA:45,10
DA:46,10
DA:60,10
DA:63,0
DA:64,0
DA:66,0
DA:68,0
DA:73,1
DA:75,2
DA:76,2
DA:78,133
DA:79,133
DA:82,1
DA:83,0
DA:86,0
DA:88,0
DA:92,0
DA:101,1
DA:102,1
DA:103,1
DA:105,1
DA:106,1
DA:107,1
DA:131,1
DA:134,2
DA:135,2
DA:136,2
DA:137,2
DA:138,2
DA:139,2
DA:143,1
DA:144,1
DA:145,1
DA:146,1
DA:147,1
DA:148,1
DA:151,1
DA:152,1
DA:153,1
DA:154,1
DA:155,1
DA:156,1
DA:158,2
DA:161,1
DA:164,0
DA:166,0
DA:167,0
DA:168,0
DA:169,0
DA:172,0
DA:175,0
DA:176,0
DA:180,0
DA:181,0
DA:186,1
DA:189,0
DA:191,0
DA:192,0
DA:193,0
DA:195,0
DA:198,0
DA:201,0
DA:202,0
DA:206,0
DA:207,0
DA:213,1
DA:216,0
DA:218,0
DA:219,0
DA:220,0
DA:221,0
DA:224,0
DA:227,0
DA:228,0
DA:232,0
DA:233,0
DA:238,3
DA:240,3
DA:242,3
DA:244,0
DA:246,0
DA:247,0
DA:248,0
DA:249,0
DA:251,0
DA:253,0
DA:254,0
DA:259,0
DA:260,0
DA:264,0
DA:265,0
DA:267,0
DA:269,0
DA:271,0
DA:277,0
DA:285,0
DA:286,0
DA:290,0
DA:291,0
DA:297,1
DA:298,1
DA:299,1
DA:305,1
DA:306,0
DA:308,1
LF:117
LH:58
BRDA:65,0,0,0
BRDA:65,0,1,0
BRDA:74,1,0,135
BRDA:74,1,1,26
BRF:4
BRH:2
end_of_record
TN:
SF:C:\Mean\FinalAssessment\ProjectManagement_Frontend\src\app\task\task-form\task-form.component.ts
FN:10,TaskFormComponent
FN:12,(anonymous_2)
FNF:2
FNH:2
FNDA:1,TaskFormComponent
FNDA:1,(anonymous_2)
DA:8,1
DA:12,1
DA:15,1
LF:3
LH:3
BRF:0
BRH:0
end_of_record
TN:
SF:C:\Mean\FinalAssessment\ProjectManagement_Frontend\src\app\task\view-task\view-task.component.ts
FN:40,ViewTaskComponent
FN:43,(anonymous_2)
FN:52,(anonymous_3)
FN:57,(anonymous_4)
FN:59,(anonymous_5)
FN:67,(anonymous_6)
FN:73,(anonymous_7)
FN:95,(anonymous_8)
FN:101,(anonymous_9)
FN:103,(anonymous_10)
FN:107,(anonymous_11)
FN:112,(anonymous_12)
FN:114,(anonymous_13)
FN:120,(anonymous_14)
FN:126,(anonymous_15)
FN:131,(anonymous_16)
FNF:16
FNH:9
FNDA:8,ViewTaskComponent
FNDA:8,(anonymous_2)
FNDA:8,(anonymous_3)
FNDA:16,(anonymous_4)
FNDA:16,(anonymous_5)
FNDA:0,(anonymous_6)
FNDA:5,(anonymous_7)
FNDA:1,(anonymous_8)
FNDA:0,(anonymous_9)
FNDA:0,(anonymous_10)
FNDA:0,(anonymous_11)
FNDA:16,(anonymous_12)
FNDA:16,(anonymous_13)
FNDA:0,(anonymous_14)
FNDA:0,(anonymous_15)
FNDA:0,(anonymous_16)
DA:16,1
DA:24,8
DA:25,8
DA:26,8
DA:27,8
DA:28,8
DA:36,8
DA:40,8
DA:41,8
DA:43,8
DA:44,8
DA:48,8
DA:50,8
DA:51,8
DA:53,8
DA:57,16
DA:58,16
DA:61,16
DA:64,16
DA:68,0
DA:69,0
DA:73,1
DA:75,1
DA:76,1
DA:79,1
DA:80,1
DA:83,1
DA:84,1
DA:87,1
DA:88,1
DA:91,1
DA:95,1
DA:96,1
DA:97,1
DA:98,1
DA:101,1
DA:102,0
DA:104,0
DA:105,0
DA:108,0
DA:112,16
DA:113,16
DA:115,16
DA:117,16
DA:121,0
DA:122,0
DA:126,1
DA:127,0
DA:131,0
DA:132,0
DA:135,1
LF:51
LH:40
BRF:0
BRH:0
end_of_record
TN:
SF:C:\Mean\FinalAssessment\ProjectManagement_Frontend\src\app\user\add-user\add-user.component.ts
FN:19,AddUserComponent
FN:25,(anonymous_2)
FN:34,(anonymous_3)
FN:40,(anonymous_4)
FN:57,(anonymous_5)
FN:63,(anonymous_6)
FN:67,(anonymous_7)
FN:74,(anonymous_8)
FN:86,(anonymous_9)
FN:92,(anonymous_10)
FN:98,(anonymous_11)
FNF:11
FNH:5
FNDA:10,AddUserComponent
FNDA:8,(anonymous_2)
FNDA:1,(anonymous_3)
FNDA:1,(anonymous_4)
FNDA:0,(anonymous_5)
FNDA:2,(anonymous_6)
FNDA:0,(anonymous_7)
FNDA:0,(anonymous_8)
FNDA:0,(anonymous_9)
FNDA:0,(anonymous_10)
FNDA:0,(anonymous_11)
DA:13,1
DA:15,10
DA:16,1
DA:19,10
DA:20,10
DA:21,1
DA:22,10
DA:25,1
DA:26,8
DA:34,1
DA:36,1
DA:38,1
DA:39,1
DA:41,1
DA:43,0
DA:48,0
DA:57,1
DA:59,0
DA:63,2
DA:65,1
DA:66,1
DA:68,0
DA:69,0
DA:71,0
DA:75,0
DA:79,1
DA:85,1
DA:87,0
DA:88,0
DA:89,0
DA:90,0
DA:93,0
DA:98,1
DA:99,0
DA:100,0
DA:102,1
LF:36
LH:22
BRDA:37,0,0,1
BRDA:37,0,1,1
BRF:2
BRH:2
end_of_record
TN:
SF:C:\Mean\FinalAssessment\ProjectManagement_Frontend\src\app\user\user-form\user-form.component.ts
FN:14,UserFormComponent
FN:16,(anonymous_2)
FN:21,(anonymous_3)
FN:23,(anonymous_4)
FN:30,(anonymous_5)
FN:36,(anonymous_6)
FNF:6
FNH:4
FNDA:5,UserFormComponent
FNDA:5,(anonymous_2)
FNDA:0,(anonymous_3)
FNDA:0,(anonymous_4)
FNDA:1,(anonymous_5)
FNDA:1,(anonymous_6)
DA:10,1
DA:14,5
DA:16,1
DA:21,1
DA:22,0
DA:24,0
DA:25,0
DA:30,1
DA:31,1
DA:32,1
DA:36,1
DA:37,1
DA:38,1
DA:41,1
LF:14
LH:11
BRF:0
BRH:0
end_of_record
TN:
SF:C:\Mean\FinalAssessment\ProjectManagement_Frontend\src\app\user\view-user\view-user.component.ts
FN:25,ViewUserComponent
FN:27,(anonymous_2)
FN:31,(anonymous_3)
FN:41,(anonymous_4)
FN:43,(anonymous_5)
FN:50,(anonymous_6)
FN:77,(anonymous_7)
FN:83,(anonymous_8)
FN:84,(anonymous_9)
FN:85,(anonymous_10)
FN:95,(anonymous_11)
FN:100,(anonymous_12)
FN:102,(anonymous_13)
FN:107,(anonymous_14)
FNF:14
FNH:11
FNDA:11,ViewUserComponent
FNDA:11,(anonymous_2)
FNDA:1,(anonymous_3)
FNDA:11,(anonymous_4)
FNDA:9,(anonymous_5)
FNDA:4,(anonymous_6)
FNDA:2,(anonymous_7)
FNDA:3,(anonymous_8)
FNDA:3,(anonymous_9)
FNDA:3,(anonymous_10)
FNDA:1,(anonymous_11)
FNDA:0,(anonymous_12)
FNDA:0,(anonymous_13)
FNDA:0,(anonymous_14)
DA:12,1
DA:15,1
DA:16,11
DA:21,11
DA:22,11
DA:23,11
DA:24,11
DA:25,11
DA:27,1
DA:28,11
DA:31,1
DA:34,1
DA:35,1
DA:41,11
DA:42,11
DA:45,9
DA:46,9
DA:50,1
DA:53,1
DA:54,1
DA:58,1
DA:59,1
DA:62,1
DA:64,1
DA:65,1
DA:66,1
DA:69,1
DA:77,1
DA:79,2
DA:81,1
DA:83,3
DA:84,3
DA:85,3
DA:86,1
DA:90,1
DA:95,1
DA:97,1
DA:100,1
DA:101,0
DA:103,0
DA:104,0
DA:105,0
DA:108,0
DA:109,0
DA:113,1
LF:45
LH:39
BRF:0
BRH:0
end_of_record
TN:
SF:C:\Mean\FinalAssessment\ProjectManagement_Frontend\src\environments\environment.ts
FNF:0
FNH:0
LF:0
LH:0
BRF:0
BRH:0
end_of_record
