TN:
SF:C:\Mean\FinalAssessment\ProjectManagement_Frontend\src\polyfills.ts
FNF:0
FNH:0
LF:0
LH:0
BRF:0
BRH:0
end_of_record
TN:
SF:C:\Mean\FinalAssessment\ProjectManagement_Frontend\src\test.ts
FNF:0
FNH:0
DA:13,1
DA:18,1
DA:20,1
LF:3
LH:3
BRF:0
BRH:0
end_of_record
TN:
SF:C:\Mean\FinalAssessment\ProjectManagement_Frontend\src\app\app.component.ts
FN:3,AppComponent
FNF:1
FNH:1
FNDA:3,AppComponent
DA:8,1
DA:9,3
DA:10,1
LF:3
LH:3
BRF:0
BRH:0
end_of_record
TN:
SF:C:\Mean\FinalAssessment\ProjectManagement_Frontend\src\app\_models\project.model.ts
FN:1,(anonymous_0)
FN:9,Project
FN:14,(anonymous_2)
FNF:3
FNH:3
FNDA:1,(anonymous_0)
FNDA:15,Project
FNDA:2,(anonymous_2)
DA:1,1
DA:10,15
DA:12,1
DA:14,1
DA:20,1
DA:24,1
LF:6
LH:6
BRF:0
BRH:0
end_of_record
TN:
SF:C:\Mean\FinalAssessment\ProjectManagement_Frontend\src\app\_models\task.model.ts
FN:1,(anonymous_0)
FN:13,Task
FN:24,(anonymous_2)
FN:35,(anonymous_4)
FN:38,ParentTask
FNF:5
FNH:4
FNDA:1,(anonymous_0)
FNDA:18,Task
FNDA:1,(anonymous_2)
FNDA:1,(anonymous_4)
FNDA:0,ParentTask
DA:1,1
DA:14,18
DA:15,18
DA:16,18
DA:17,18
DA:18,18
DA:19,18
DA:20,18
DA:22,1
DA:24,1
DA:33,1
DA:35,1
DA:39,0
DA:41,1
LF:14
LH:13
BRDA:15,0,0,0
BRDA:15,0,1,18
BRDA:16,1,0,0
BRDA:16,1,1,18
BRF:4
BRH:2
end_of_record
TN:
SF:C:\Mean\FinalAssessment\ProjectManagement_Frontend\src\app\_models\user.model.ts
FN:1,(anonymous_0)
FN:9,User
FN:14,(anonymous_2)
FNF:3
FNH:3
FNDA:1,(anonymous_0)
FNDA:14,User
FNDA:1,(anonymous_2)
DA:1,1
DA:10,14
DA:12,1
DA:14,1
DA:15,1
DA:16,1
DA:17,1
DA:18,1
DA:19,1
LF:9
LH:9
BRDA:14,0,0,1
BRDA:14,0,1,1
BRF:2
BRH:2
end_of_record
TN:
SF:C:\Mean\FinalAssessment\ProjectManagement_Frontend\src\app\_services\project.service.ts
FN:14,ProjectService
FN:18,(anonymous_2)
FN:22,(anonymous_3)
FN:26,(anonymous_4)
FN:30,(anonymous_5)
FN:34,(anonymous_6)
FN:38,(anonymous_7)
FN:42,(anonymous_8)
FN:46,(anonymous_9)
FN:57,(anonymous_10)
FN:58,(anonymous_11)
FN:68,(anonymous_12)
FN:69,(anonymous_13)
FN:83,(anonymous_14)
FNF:14
FNH:12
FNDA:19,ProjectService
FNDA:0,(anonymous_2)
FNDA:2,(anonymous_3)
FNDA:1,(anonymous_4)
FNDA:1,(anonymous_5)
FNDA:1,(anonymous_6)
FNDA:1,(anonymous_7)
FNDA:0,(anonymous_8)
FNDA:1,(anonymous_9)
FNDA:3,(anonymous_10)
FNDA:3,(anonymous_11)
FNDA:4,(anonymous_12)
FNDA:4,(anonymous_13)
FNDA:1,(anonymous_14)
DA:10,1
DA:14,19
DA:15,19
DA:18,1
DA:22,1
DA:23,2
DA:26,1
DA:27,1
DA:30,1
DA:31,1
DA:34,1
DA:35,1
DA:38,1
DA:39,1
DA:42,1
DA:43,0
DA:46,1
DA:50,1
DA:51,1
DA:54,1
DA:57,1
DA:58,3
DA:60,1
DA:62,1
DA:64,1
DA:68,1
DA:69,4
DA:71,3
DA:72,3
DA:76,1
DA:77,1
DA:83,1
DA:84,1
DA:86,1
LF:34
LH:33
BRF:0
BRH:0
end_of_record
TN:
SF:C:\Mean\FinalAssessment\ProjectManagement_Frontend\src\app\_services\task.service.ts
FN:14,TaskService
FN:19,(anonymous_2)
FN:23,(anonymous_3)
FN:27,(anonymous_4)
FN:31,(anonymous_5)
FN:35,(anonymous_6)
FN:39,(anonymous_7)
FN:43,(anonymous_8)
FN:47,(anonymous_9)
FN:51,(anonymous_10)
FN:55,(anonymous_11)
FN:62,(anonymous_12)
FN:66,(anonymous_13)
FN:67,(anonymous_14)
FN:77,(anonymous_15)
FN:79,(anonymous_16)
FN:93,(anonymous_17)
FN:97,(anonymous_18)
FN:100,(anonymous_19)
FN:103,(anonymous_20)
FNF:20
FNH:20
FNDA:23,TaskService
FNDA:1,(anonymous_2)
FNDA:1,(anonymous_3)
FNDA:1,(anonymous_4)
FNDA:1,(anonymous_5)
FNDA:1,(anonymous_6)
FNDA:2,(anonymous_7)
FNDA:1,(anonymous_8)
FNDA:1,(anonymous_9)
FNDA:2,(anonymous_10)
FNDA:16,(anonymous_11)
FNDA:1,(anonymous_12)
FNDA:3,(anonymous_13)
FNDA:3,(anonymous_14)
FNDA:4,(anonymous_15)
FNDA:4,(anonymous_16)
FNDA:1,(anonymous_17)
FNDA:1,(anonymous_18)
FNDA:7,(anonymous_19)
FNDA:56,(anonymous_20)
DA:9,1
DA:14,23
DA:15,23
DA:16,23
DA:19,1
DA:20,1
DA:23,1
DA:24,1
DA:27,1
DA:28,1
DA:31,1
DA:32,1
DA:35,1
DA:36,1
DA:39,1
DA:40,2
DA:43,1
DA:44,1
DA:47,1
DA:48,1
DA:51,1
DA:52,2
DA:55,1
DA:56,16
DA:62,1
DA:63,1
DA:66,1
DA:67,3
DA:69,1
DA:71,1
DA:73,1
DA:77,1
DA:79,4
DA:81,3
DA:82,3
DA:86,1
DA:87,1
DA:93,1
DA:94,1
DA:97,1
DA:100,1
DA:103,7
DA:105,6
DA:110,1
LF:44
LH:44
BRF:0
BRH:0
end_of_record
TN:
SF:C:\Mean\FinalAssessment\ProjectManagement_Frontend\src\app\_services\user.service.ts
FN:13,UserService
FN:17,(anonymous_2)
FN:21,(anonymous_3)
FN:25,(anonymous_4)
FN:29,(anonymous_5)
FN:34,(anonymous_6)
FN:38,(anonymous_7)
FN:41,(anonymous_8)
FN:45,(anonymous_9)
FN:49,(anonymous_10)
FN:57,(anonymous_11)
FN:58,(anonymous_12)
FN:68,(anonymous_13)
FNF:13
FNH:12
FNDA:36,UserService
FNDA:0,(anonymous_2)
FNDA:8,(anonymous_3)
FNDA:11,(anonymous_4)
FNDA:1,(anonymous_5)
FNDA:1,(anonymous_6)
FNDA:1,(anonymous_7)
FNDA:1,(anonymous_8)
FNDA:1,(anonymous_9)
FNDA:1,(anonymous_10)
FNDA:6,(anonymous_11)
FNDA:3,(anonymous_12)
FNDA:4,(anonymous_13)
DA:9,1
DA:13,36
DA:14,36
DA:17,1
DA:21,1
DA:22,8
DA:25,1
DA:26,11
DA:29,1
DA:30,1
DA:31,1
DA:34,1
DA:35,1
DA:38,1
DA:39,1
DA:41,1
DA:42,1
DA:45,1
DA:46,1
DA:49,1
DA:50,1
DA:57,1
DA:58,6
DA:60,1
DA:62,1
DA:64,1
DA:68,1
DA:69,4
DA:71,1
LF:29
LH:29
BRF:0
BRH:0
end_of_record
TN:
SF:C:\Mean\FinalAssessment\ProjectManagement_Frontend\src\app\_shared\dialog.component.ts
FN:14,DialogComponent
FN:20,(anonymous_2)
FN:24,(anonymous_3)
FNF:3
FNH:0
FNDA:0,DialogComponent
FNDA:0,(anonymous_2)
FNDA:0,(anonymous_3)
DA:11,1
DA:14,0
DA:15,0
DA:16,0
DA:17,0
DA:20,1
DA:21,0
DA:24,1
DA:25,0
DA:27,1
LF:10
LH:4
BRF:0
BRH:0
end_of_record
TN:
SF:C:\Mean\FinalAssessment\ProjectManagement_Frontend\src\app\_shared\show-message\show-message.component.ts
FN:11,ShowMessageComponent
FN:13,(anonymous_2)
FNF:2
FNH:2
FNDA:1,ShowMessageComponent
FNDA:1,(anonymous_2)
DA:9,1
DA:11,1
DA:13,1
DA:16,1
LF:4
LH:4
BRF:0
BRH:0
end_of_record
TN:
SF:C:\Mean\FinalAssessment\ProjectManagement_Frontend\src\app\_util\observe.service.ts
FN:5,ObserveService
FN:13,(anonymous_2)
FNF:2
FNH:1
FNDA:6,ObserveService
FNDA:0,(anonymous_2)
DA:8,1
DA:10,6
DA:11,6
DA:13,1
DA:14,0
DA:17,1
LF:6
LH:5
BRF:0
BRH:0
end_of_record
TN:
SF:C:\Mean\FinalAssessment\ProjectManagement_Frontend\src\app\_util\util-service.service.ts
FN:15,UtilServiceService
FN:17,(anonymous_2)
FN:20,(anonymous_3)
FN:27,(anonymous_4)
FN:35,(anonymous_5)
FN:44,(anonymous_6)
FN:48,(anonymous_7)
FNF:7
FNH:2
FNDA:72,UtilServiceService
FNDA:1,(anonymous_2)
FNDA:0,(anonymous_3)
FNDA:0,(anonymous_4)
FNDA:0,(anonymous_5)
FNDA:0,(anonymous_6)
FNDA:0,(anonymous_7)
DA:11,1
DA:13,72
DA:15,72
DA:17,1
DA:18,1
DA:20,0
DA:21,0
DA:22,0
DA:24,0
DA:27,0
DA:28,0
DA:29,0
DA:30,0
DA:32,0
DA:35,0
DA:36,0
DA:37,0
DA:44,1
DA:45,0
DA:48,1
DA:50,0
DA:56,0
DA:61,1
LF:23
LH:8
BRDA:19,0,0,1
BRDA:19,0,1,0
BRDA:26,1,0,1
BRDA:26,1,1,0
BRDA:34,2,0,1
BRDA:34,2,1,0
BRDA:48,3,0,0
BRDA:48,3,1,0
BRF:8
BRH:3
end_of_record
TN:
SF:C:\Mean\FinalAssessment\ProjectManagement_Frontend\src\app\home\home.component.ts
FN:16,HomeComponent
FN:18,(anonymous_2)
FN:21,(anonymous_3)
FN:28,(anonymous_4)
FNF:4
FNH:3
FNDA:3,HomeComponent
FNDA:3,(anonymous_2)
FNDA:3,(anonymous_3)
FNDA:0,(anonymous_4)
DA:10,1
DA:13,3
DA:16,3
DA:18,3
DA:19,3
DA:20,3
DA:23,0
DA:28,1
DA:29,0
DA:30,0
DA:31,0
DA:33,1
LF:12
LH:8
BRDA:29,0,0,0
BRDA:29,0,1,0
BRF:2
BRH:0
end_of_record
TN:
SF:C:\Mean\FinalAssessment\ProjectManagement_Frontend\src\app\project\add-project\add-project.component.ts
FN:39,AddProjectComponent
FN:42,(anonymous_2)
FN:72,(anonymous_3)
FN:85,(anonymous_4)
FN:94,(anonymous_5)
FN:97,(anonymous_6)
FN:115,(anonymous_7)
FN:117,(anonymous_8)
FN:123,(anonymous_9)
FN:132,(anonymous_10)
FN:146,(anonymous_11)
FN:152,(anonymous_12)
FN:166,(anonymous_13)
FN:180,(anonymous_14)
FN:197,(anonymous_15)
FN:208,(anonymous_16)
FN:216,(anonymous_17)
FNF:17
FNH:3
FNDA:1,AddProjectComponent
FNDA:0,(anonymous_2)
FNDA:1,(anonymous_3)
FNDA:8,(anonymous_4)
FNDA:0,(anonymous_5)
FNDA:0,(anonymous_6)
FNDA:0,(anonymous_7)
FNDA:0,(anonymous_8)
FNDA:0,(anonymous_9)
FNDA:0,(anonymous_10)
FNDA:0,(anonymous_11)
FNDA:0,(anonymous_12)
FNDA:0,(anonymous_13)
FNDA:0,(anonymous_14)
FNDA:0,(anonymous_15)
FNDA:0,(anonymous_16)
FNDA:0,(anonymous_17)
DA:17,1
DA:25,1
DA:26,1
DA:27,1
DA:28,1
DA:36,1
DA:37,2
DA:39,1
DA:40,1
DA:42,1
DA:44,0
DA:45,0
DA:47,0
DA:48,0
DA:49,0
DA:50,0
DA:51,0
DA:52,0
DA:53,0
DA:55,0
DA:56,0
DA:72,1
DA:73,1
DA:85,1
DA:87,0
DA:88,0
DA:90,8
DA:91,8
DA:94,1
DA:95,0
DA:97,1
DA:98,0
DA:99,0
DA:101,0
DA:102,0
DA:105,0
DA:106,0
DA:107,0
DA:108,0
DA:115,1
DA:116,0
DA:118,0
DA:119,0
DA:120,0
DA:121,0
DA:124,0
DA:125,0
DA:128,0
DA:132,0
DA:134,0
DA:135,0
DA:136,0
DA:137,0
DA:139,0
DA:141,0
DA:146,1
DA:149,0
DA:150,0
DA:151,0
DA:153,0
DA:154,0
DA:155,0
DA:156,0
DA:157,0
DA:167,0
DA:168,0
DA:172,0
DA:173,0
DA:174,0
DA:175,0
DA:176,0
DA:178,0
DA:179,0
DA:181,0
DA:182,0
DA:183,0
DA:184,0
DA:198,0
DA:199,0
DA:204,0
DA:208,1
DA:209,0
DA:210,0
DA:216,1
DA:217,0
DA:218,0
DA:219,0
DA:220,0
DA:222,1
LF:89
LH:22
BRDA:46,0,0,0
BRDA:46,0,1,0
BRDA:86,1,0,8
BRDA:86,1,1,8
BRF:4
BRH:2
end_of_record
TN:
SF:C:\Mean\FinalAssessment\ProjectManagement_Frontend\src\app\project\project-form\project-form.component.ts
FN:15,ProjectFormComponent
FN:20,(anonymous_2)
FN:24,(anonymous_3)
FN:29,(anonymous_4)
FN:31,(anonymous_5)
FN:39,(anonymous_6)
FN:40,(anonymous_7)
FN:42,(anonymous_8)
FN:50,(anonymous_9)
FN:70,(anonymous_10)
FN:72,(anonymous_11)
FN:81,(anonymous_12)
FN:87,(anonymous_13)
FNF:13
FNH:2
FNDA:1,ProjectFormComponent
FNDA:1,(anonymous_2)
FNDA:0,(anonymous_3)
FNDA:0,(anonymous_4)
FNDA:0,(anonymous_5)
FNDA:0,(anonymous_6)
FNDA:0,(anonymous_7)
FNDA:0,(anonymous_8)
FNDA:0,(anonymous_9)
FNDA:0,(anonymous_10)
FNDA:0,(anonymous_11)
FNDA:0,(anonymous_12)
FNDA:0,(anonymous_13)
DA:13,1
DA:15,1
DA:16,1
DA:20,1
DA:24,1
DA:25,0
DA:26,0
DA:29,1
DA:30,0
DA:33,0
DA:34,0
DA:39,1
DA:40,0
DA:41,0
DA:44,0
DA:45,0
DA:46,0
DA:47,0
DA:49,0
DA:50,0
DA:53,0
DA:56,0
DA:59,0
DA:63,0
DA:70,1
DA:71,0
DA:77,0
DA:78,0
DA:82,0
DA:83,0
DA:87,1
DA:88,0
DA:90,1
LF:33
LH:10
BRDA:52,0,0,0
BRDA:52,0,1,0
BRDA:52,0,2,0
BRDA:62,1,0,0
BRDA:62,1,1,0
BRF:5
BRH:0
end_of_record
TN:
SF:C:\Mean\FinalAssessment\ProjectManagement_Frontend\src\app\project\view-project\view-project.component.ts
FN:33,ViewProjectComponent
FN:36,(anonymous_2)
FN:40,(anonymous_3)
FN:50,(anonymous_4)
FN:52,(anonymous_5)
FN:63,(anonymous_6)
FN:64,(anonymous_7)
FN:66,(anonymous_8)
FN:74,(anonymous_9)
FN:94,(anonymous_10)
FN:96,(anonymous_11)
FN:105,(anonymous_12)
FN:111,(anonymous_13)
FN:141,(anonymous_14)
FN:146,(anonymous_15)
FN:155,(anonymous_16)
FN:161,(anonymous_17)
FNF:17
FNH:10
FNDA:1,ViewProjectComponent
FNDA:1,(anonymous_2)
FNDA:0,(anonymous_3)
FNDA:1,(anonymous_4)
FNDA:1,(anonymous_5)
FNDA:1,(anonymous_6)
FNDA:16,(anonymous_7)
FNDA:16,(anonymous_8)
FNDA:7,(anonymous_9)
FNDA:10,(anonymous_10)
FNDA:10,(anonymous_11)
FNDA:0,(anonymous_12)
FNDA:0,(anonymous_13)
FNDA:0,(anonymous_14)
FNDA:0,(anonymous_15)
FNDA:0,(anonymous_16)
FNDA:0,(anonymous_17)
DA:14,1
DA:21,1
DA:22,1
DA:27,1
DA:28,1
DA:29,1
DA:30,1
DA:32,1
DA:33,1
DA:34,1
DA:36,1
DA:37,1
DA:40,1
DA:43,0
DA:44,0
DA:50,1
DA:51,1
DA:54,1
DA:55,1
DA:56,1
DA:63,1
DA:64,1
DA:65,16
DA:68,16
DA:69,16
DA:70,16
DA:71,16
DA:73,4
DA:74,4
DA:77,7
DA:80,4
DA:83,12
DA:87,10
DA:94,10
DA:95,10
DA:101,10
DA:102,10
DA:106,0
DA:107,0
DA:111,1
DA:114,0
DA:115,0
DA:119,0
DA:120,0
DA:124,0
DA:125,0
DA:129,0
DA:130,0
DA:133,0
DA:141,1
DA:142,0
DA:144,0
DA:145,0
DA:146,0
DA:147,0
DA:150,0
DA:155,1
DA:158,0
DA:161,1
DA:162,0
DA:163,0
DA:171,1
LF:62
LH:40
BRDA:76,0,0,7
BRDA:76,0,1,0
BRDA:76,0,2,0
BRDA:86,1,0,16
BRDA:86,1,1,13
BRDA:143,2,0,0
BRDA:143,2,1,0
BRF:7
BRH:3
end_of_record
TN:
SF:C:\Mean\FinalAssessment\ProjectManagement_Frontend\src\app\task\add-task\add-task.component.ts
FN:29,AddTaskComponent
FN:42,(anonymous_2)
FN:45,(anonymous_3)
FN:61,(anonymous_4)
FN:73,(anonymous_5)
FN:75,(anonymous_6)
FN:80,(anonymous_7)
FN:92,(anonymous_8)
FN:116,(anonymous_9)
FN:130,(anonymous_10)
FN:160,(anonymous_11)
FN:164,(anonymous_12)
FN:172,(anonymous_13)
FN:181,(anonymous_14)
FN:185,(anonymous_15)
FN:194,(anonymous_16)
FN:204,(anonymous_17)
FN:208,(anonymous_18)
FN:216,(anonymous_19)
FN:225,(anonymous_20)
FN:237,(anonymous_21)
FN:244,(anonymous_22)
FN:255,(anonymous_23)
FN:274,(anonymous_24)
FN:281,(anonymous_25)
FN:289,(anonymous_26)
FNF:26
FNH:3
FNDA:1,AddTaskComponent
FNDA:0,(anonymous_2)
FNDA:1,(anonymous_3)
FNDA:1,(anonymous_4)
FNDA:0,(anonymous_5)
FNDA:0,(anonymous_6)
FNDA:0,(anonymous_7)
FNDA:0,(anonymous_8)
FNDA:0,(anonymous_9)
FNDA:0,(anonymous_10)
FNDA:0,(anonymous_11)
FNDA:0,(anonymous_12)
FNDA:0,(anonymous_13)
FNDA:0,(anonymous_14)
FNDA:0,(anonymous_15)
FNDA:0,(anonymous_16)
FNDA:0,(anonymous_17)
FNDA:0,(anonymous_18)
FNDA:0,(anonymous_19)
FNDA:0,(anonymous_20)
FNDA:0,(anonymous_21)
FNDA:0,(anonymous_22)
FNDA:0,(anonymous_23)
FNDA:0,(anonymous_24)
FNDA:0,(anonymous_25)
FNDA:0,(anonymous_26)
DA:20,1
DA:23,1
DA:24,1
DA:25,1
DA:27,1
DA:29,1
DA:30,1
DA:31,1
DA:32,1
DA:33,1
DA:34,1
DA:42,1
DA:45,1
DA:46,1
DA:60,1
DA:63,0
DA:64,0
DA:66,0
DA:68,0
DA:73,1
DA:74,0
DA:77,0
DA:79,0
DA:83,0
DA:92,1
DA:93,0
DA:94,0
DA:96,0
DA:97,0
DA:98,0
DA:116,1
DA:123,0
DA:125,0
DA:130,1
DA:133,0
DA:134,0
DA:135,0
DA:136,0
DA:137,0
DA:138,0
DA:142,0
DA:143,0
DA:144,0
DA:145,0
DA:146,0
DA:147,0
DA:150,0
DA:151,0
DA:152,0
DA:153,0
DA:154,0
DA:155,0
DA:157,0
DA:160,1
DA:163,0
DA:165,0
DA:166,0
DA:167,0
DA:168,0
DA:171,0
DA:174,0
DA:175,0
DA:181,1
DA:184,0
DA:186,0
DA:187,0
DA:188,0
DA:190,0
DA:193,0
DA:196,0
DA:197,0
DA:204,1
DA:207,0
DA:209,0
DA:210,0
DA:211,0
DA:212,0
DA:215,0
DA:218,0
DA:219,0
DA:225,1
DA:227,0
DA:228,0
DA:229,0
DA:231,0
DA:233,0
DA:234,0
DA:235,0
DA:236,0
DA:238,0
DA:240,0
DA:245,0
DA:249,0
DA:250,0
DA:252,0
DA:254,0
DA:256,0
DA:262,0
DA:270,0
DA:271,0
DA:275,0
DA:276,0
DA:281,1
DA:282,0
DA:283,0
DA:289,1
DA:290,0
DA:292,1
LF:108
LH:26
BRDA:65,0,0,0
BRDA:65,0,1,0
BRDA:228,1,0,0
BRDA:228,1,1,0
BRF:4
BRH:0
end_of_record
TN:
SF:C:\Mean\FinalAssessment\ProjectManagement_Frontend\src\app\task\task-form\task-form.component.ts
FN:10,TaskFormComponent
FN:12,(anonymous_2)
FNF:2
FNH:2
FNDA:1,TaskFormComponent
FNDA:1,(anonymous_2)
DA:8,1
DA:12,1
DA:15,1
LF:3
LH:3
BRF:0
BRH:0
end_of_record
TN:
SF:C:\Mean\FinalAssessment\ProjectManagement_Frontend\src\app\task\view-task\view-task.component.ts
FN:41,ViewTaskComponent
FN:44,(anonymous_2)
FN:54,(anonymous_3)
FN:56,(anonymous_4)
FN:64,(anonymous_5)
FN:69,(anonymous_6)
FN:91,(anonymous_7)
FN:97,(anonymous_8)
FN:99,(anonymous_9)
FN:105,(anonymous_10)
FN:110,(anonymous_11)
FN:115,(anonymous_12)
FNF:12
FNH:6
FNDA:1,ViewTaskComponent
FNDA:1,(anonymous_2)
FNDA:1,(anonymous_3)
FNDA:1,(anonymous_4)
FNDA:0,(anonymous_5)
FNDA:0,(anonymous_6)
FNDA:0,(anonymous_7)
FNDA:1,(anonymous_8)
FNDA:1,(anonymous_9)
FNDA:0,(anonymous_10)
FNDA:0,(anonymous_11)
FNDA:0,(anonymous_12)
DA:16,1
DA:25,1
DA:26,1
DA:27,1
DA:28,1
DA:29,1
DA:37,1
DA:41,1
DA:42,1
DA:44,1
DA:45,1
DA:49,1
DA:51,1
DA:54,1
DA:55,1
DA:58,1
DA:61,1
DA:65,0
DA:69,1
DA:71,0
DA:72,0
DA:75,0
DA:76,0
DA:79,0
DA:80,0
DA:83,0
DA:84,0
DA:87,0
DA:91,1
DA:92,0
DA:93,0
DA:94,0
DA:97,1
DA:98,1
DA:100,1
DA:102,1
DA:106,0
DA:110,1
DA:111,0
DA:115,0
DA:116,0
DA:119,1
LF:42
LH:25
BRF:0
BRH:0
end_of_record
TN:
SF:C:\Mean\FinalAssessment\ProjectManagement_Frontend\src\app\user\add-user\add-user.component.ts
FN:19,AddUserComponent
FN:25,(anonymous_2)
FN:34,(anonymous_3)
FN:40,(anonymous_4)
FN:57,(anonymous_5)
FN:63,(anonymous_6)
FN:67,(anonymous_7)
FN:74,(anonymous_8)
FN:86,(anonymous_9)
FN:92,(anonymous_10)
FN:98,(anonymous_11)
FNF:11
FNH:3
FNDA:10,AddUserComponent
FNDA:8,(anonymous_2)
FNDA:0,(anonymous_3)
FNDA:0,(anonymous_4)
FNDA:0,(anonymous_5)
FNDA:2,(anonymous_6)
FNDA:0,(anonymous_7)
FNDA:0,(anonymous_8)
FNDA:0,(anonymous_9)
FNDA:0,(anonymous_10)
FNDA:0,(anonymous_11)
DA:13,1
DA:15,10
DA:16,1
DA:19,10
DA:20,10
DA:21,1
DA:22,10
DA:25,1
DA:26,8
DA:34,1
DA:36,0
DA:38,0
DA:39,0
DA:41,0
DA:43,0
DA:48,0
DA:57,1
DA:59,0
DA:63,2
DA:65,1
DA:66,1
DA:68,0
DA:69,0
DA:71,0
DA:75,0
DA:79,1
DA:85,1
DA:87,0
DA:88,0
DA:89,0
DA:90,0
DA:93,0
DA:98,1
DA:99,0
DA:100,0
DA:102,1
LF:36
LH:18
BRDA:37,0,0,0
BRDA:37,0,1,0
BRF:2
BRH:0
end_of_record
TN:
SF:C:\Mean\FinalAssessment\ProjectManagement_Frontend\src\app\user\user-form\user-form.component.ts
FN:14,UserFormComponent
FN:16,(anonymous_2)
FN:21,(anonymous_3)
FN:23,(anonymous_4)
FN:30,(anonymous_5)
FN:36,(anonymous_6)
FNF:6
FNH:2
FNDA:2,UserFormComponent
FNDA:2,(anonymous_2)
FNDA:0,(anonymous_3)
FNDA:0,(anonymous_4)
FNDA:0,(anonymous_5)
FNDA:0,(anonymous_6)
DA:10,1
DA:14,2
DA:16,1
DA:21,1
DA:22,0
DA:24,0
DA:25,0
DA:30,1
DA:31,0
DA:32,0
DA:36,1
DA:37,0
DA:38,0
DA:41,1
LF:14
LH:7
BRF:0
BRH:0
end_of_record
TN:
SF:C:\Mean\FinalAssessment\ProjectManagement_Frontend\src\app\user\view-user\view-user.component.ts
FN:25,ViewUserComponent
FN:27,(anonymous_2)
FN:31,(anonymous_3)
FN:41,(anonymous_4)
FN:43,(anonymous_5)
FN:50,(anonymous_6)
FN:77,(anonymous_7)
FN:83,(anonymous_8)
FN:84,(anonymous_9)
FN:85,(anonymous_10)
FN:95,(anonymous_11)
FN:100,(anonymous_12)
FN:102,(anonymous_13)
FN:107,(anonymous_14)
FNF:14
FNH:5
FNDA:8,ViewUserComponent
FNDA:8,(anonymous_2)
FNDA:0,(anonymous_3)
FNDA:8,(anonymous_4)
FNDA:4,(anonymous_5)
FNDA:4,(anonymous_6)
FNDA:0,(anonymous_7)
FNDA:0,(anonymous_8)
FNDA:0,(anonymous_9)
FNDA:0,(anonymous_10)
FNDA:0,(anonymous_11)
FNDA:0,(anonymous_12)
FNDA:0,(anonymous_13)
FNDA:0,(anonymous_14)
DA:12,1
DA:15,1
DA:16,8
DA:21,8
DA:22,8
DA:23,8
DA:24,8
DA:25,8
DA:27,1
DA:28,8
DA:31,1
DA:34,0
DA:35,0
DA:41,8
DA:42,8
DA:45,4
DA:46,4
DA:50,1
DA:53,1
DA:54,1
DA:58,1
DA:59,1
DA:62,1
DA:64,1
DA:65,1
DA:66,1
DA:69,1
DA:77,1
DA:79,0
DA:81,0
DA:83,0
DA:84,0
DA:85,0
DA:86,0
DA:90,0
DA:95,1
DA:97,0
DA:100,1
DA:101,0
DA:103,0
DA:104,0
DA:105,0
DA:108,0
DA:109,0
DA:113,1
LF:45
LH:29
BRF:0
BRH:0
end_of_record
TN:
SF:C:\Mean\FinalAssessment\ProjectManagement_Frontend\src\environments\environment.ts
FNF:0
FNH:0
LF:0
LH:0
BRF:0
BRH:0
end_of_record
