TN:
SF:C:\Users\Kiran\Desktop\Learner\Final_Assessment\ProjectManagement\latest\ProjectManagement_Frontend\src\polyfills.ts
FNF:0
FNH:0
LF:0
LH:0
BRF:0
BRH:0
end_of_record
TN:
SF:C:\Users\Kiran\Desktop\Learner\Final_Assessment\ProjectManagement\latest\ProjectManagement_Frontend\src\test.ts
FNF:0
FNH:0
DA:13,1
DA:18,1
DA:20,1
LF:3
LH:3
BRF:0
BRH:0
end_of_record
TN:
SF:C:\Users\Kiran\Desktop\Learner\Final_Assessment\ProjectManagement\latest\ProjectManagement_Frontend\src\app\app.component.ts
FN:3,AppComponent
FNF:1
FNH:1
FNDA:3,AppComponent
DA:8,1
DA:9,3
DA:10,1
LF:3
LH:3
BRF:0
BRH:0
end_of_record
TN:
SF:C:\Users\Kiran\Desktop\Learner\Final_Assessment\ProjectManagement\latest\ProjectManagement_Frontend\src\app\_models\project.model.ts
FN:1,(anonymous_0)
FN:9,Project
FN:14,(anonymous_2)
FNF:3
FNH:3
FNDA:1,(anonymous_0)
FNDA:22,Project
FNDA:2,(anonymous_2)
DA:1,1
DA:10,22
DA:12,1
DA:14,1
DA:20,1
DA:24,1
LF:6
LH:6
BRF:0
BRH:0
end_of_record
TN:
SF:C:\Users\Kiran\Desktop\Learner\Final_Assessment\ProjectManagement\latest\ProjectManagement_Frontend\src\app\_models\task.model.ts
FN:1,(anonymous_0)
FN:14,Task
FN:25,(anonymous_2)
FN:36,(anonymous_4)
FN:39,ParentTask
FNF:5
FNH:5
FNDA:1,(anonymous_0)
FNDA:28,Task
FNDA:1,(anonymous_2)
FNDA:1,(anonymous_4)
FNDA:1,ParentTask
DA:1,1
DA:15,28
DA:16,28
DA:17,28
DA:18,28
DA:19,28
DA:20,28
DA:21,28
DA:23,1
DA:25,1
DA:34,1
DA:36,1
DA:40,1
DA:42,1
LF:14
LH:14
BRDA:16,0,0,0
BRDA:16,0,1,28
BRDA:17,1,0,0
BRDA:17,1,1,28
BRF:4
BRH:2
end_of_record
TN:
SF:C:\Users\Kiran\Desktop\Learner\Final_Assessment\ProjectManagement\latest\ProjectManagement_Frontend\src\app\_models\user.model.ts
FN:1,(anonymous_0)
FN:9,User
FN:14,(anonymous_2)
FNF:3
FNH:3
FNDA:1,(anonymous_0)
FNDA:13,User
FNDA:1,(anonymous_2)
DA:1,1
DA:10,13
DA:12,1
DA:14,1
DA:15,1
DA:16,1
DA:17,1
DA:18,1
DA:19,1
LF:9
LH:9
BRDA:14,0,0,1
BRDA:14,0,1,1
BRF:2
BRH:2
end_of_record
TN:
SF:C:\Users\Kiran\Desktop\Learner\Final_Assessment\ProjectManagement\latest\ProjectManagement_Frontend\src\app\_services\project.service.ts
FN:14,ProjectService
FN:18,(anonymous_2)
FN:22,(anonymous_3)
FN:26,(anonymous_4)
FN:30,(anonymous_5)
FN:34,(anonymous_6)
FN:38,(anonymous_7)
FN:42,(anonymous_8)
FN:46,(anonymous_9)
FN:57,(anonymous_10)
FN:58,(anonymous_11)
FN:68,(anonymous_12)
FN:69,(anonymous_13)
FN:94,(anonymous_14)
FNF:14
FNH:14
FNDA:66,ProjectService
FNDA:1,(anonymous_2)
FNDA:19,(anonymous_3)
FNDA:1,(anonymous_4)
FNDA:1,(anonymous_5)
FNDA:1,(anonymous_6)
FNDA:1,(anonymous_7)
FNDA:1,(anonymous_8)
FNDA:1,(anonymous_9)
FNDA:5,(anonymous_10)
FNDA:11,(anonymous_11)
FNDA:10,(anonymous_12)
FNDA:16,(anonymous_13)
FNDA:5,(anonymous_14)
DA:10,1
DA:14,66
DA:15,66
DA:18,1
DA:22,1
DA:23,19
DA:26,1
DA:27,1
DA:30,1
DA:31,1
DA:34,1
DA:35,1
DA:38,1
DA:39,1
DA:42,1
DA:43,1
DA:46,1
DA:50,1
DA:51,1
DA:54,1
DA:57,1
DA:58,5
DA:60,5
DA:62,1
DA:64,5
DA:68,1
DA:69,10
DA:72,1
DA:74,1
DA:76,7
DA:77,7
DA:82,1
DA:84,1
DA:86,5
DA:87,5
DA:94,1
DA:95,5
DA:97,1
LF:38
LH:38
BRF:0
BRH:0
end_of_record
TN:
SF:C:\Users\Kiran\Desktop\Learner\Final_Assessment\ProjectManagement\latest\ProjectManagement_Frontend\src\app\_services\task.service.ts
FN:14,TaskService
FN:19,(anonymous_2)
FN:23,(anonymous_3)
FN:27,(anonymous_4)
FN:31,(anonymous_5)
FN:35,(anonymous_6)
FN:39,(anonymous_7)
FN:43,(anonymous_8)
FN:47,(anonymous_9)
FN:51,(anonymous_10)
FN:55,(anonymous_11)
FN:59,(anonymous_12)
FN:63,(anonymous_13)
FN:67,(anonymous_14)
FN:71,(anonymous_15)
FN:72,(anonymous_16)
FN:94,(anonymous_17)
FN:95,(anonymous_18)
FN:108,(anonymous_19)
FN:112,(anonymous_20)
FN:113,(anonymous_21)
FN:114,(anonymous_22)
FNF:22
FNH:22
FNDA:61,TaskService
FNDA:8,(anonymous_2)
FNDA:1,(anonymous_3)
FNDA:1,(anonymous_4)
FNDA:1,(anonymous_5)
FNDA:1,(anonymous_6)
FNDA:2,(anonymous_7)
FNDA:1,(anonymous_8)
FNDA:1,(anonymous_9)
FNDA:1,(anonymous_10)
FNDA:4,(anonymous_11)
FNDA:210,(anonymous_12)
FNDA:1,(anonymous_13)
FNDA:1,(anonymous_14)
FNDA:5,(anonymous_15)
FNDA:15,(anonymous_16)
FNDA:10,(anonymous_17)
FNDA:20,(anonymous_18)
FNDA:5,(anonymous_19)
FNDA:2,(anonymous_20)
FNDA:34,(anonymous_21)
FNDA:306,(anonymous_22)
DA:9,1
DA:14,61
DA:15,61
DA:16,61
DA:19,1
DA:20,8
DA:23,1
DA:24,1
DA:27,1
DA:28,1
DA:31,1
DA:32,1
DA:35,1
DA:36,1
DA:39,1
DA:40,2
DA:43,1
DA:44,1
DA:47,1
DA:48,1
DA:51,1
DA:52,1
DA:55,1
DA:56,4
DA:59,1
DA:60,210
DA:63,1
DA:64,1
DA:67,1
DA:68,1
DA:71,1
DA:72,5
DA:75,8
DA:76,8
DA:78,3
DA:80,2
DA:82,3
DA:85,5
DA:87,1
DA:89,1
DA:94,1
DA:95,10
DA:97,13
DA:98,13
DA:101,7
DA:102,7
DA:108,1
DA:109,5
DA:112,1
DA:113,2
DA:114,34
DA:116,32
DA:121,1
LF:53
LH:53
BRDA:75,0,0,0
BRDA:75,0,1,8
BRDA:76,1,0,0
BRDA:76,1,1,8
BRF:4
BRH:2
end_of_record
TN:
SF:C:\Users\Kiran\Desktop\Learner\Final_Assessment\ProjectManagement\latest\ProjectManagement_Frontend\src\app\_services\user.service.ts
FN:13,UserService
FN:17,(anonymous_2)
FN:21,(anonymous_3)
FN:25,(anonymous_4)
FN:29,(anonymous_5)
FN:34,(anonymous_6)
FN:38,(anonymous_7)
FN:41,(anonymous_8)
FN:45,(anonymous_9)
FN:49,(anonymous_10)
FN:57,(anonymous_11)
FN:58,(anonymous_12)
FN:68,(anonymous_13)
FNF:13
FNH:12
FNDA:75,UserService
FNDA:0,(anonymous_2)
FNDA:12,(anonymous_3)
FNDA:126,(anonymous_4)
FNDA:1,(anonymous_5)
FNDA:1,(anonymous_6)
FNDA:1,(anonymous_7)
FNDA:1,(anonymous_8)
FNDA:1,(anonymous_9)
FNDA:2,(anonymous_10)
FNDA:6,(anonymous_11)
FNDA:3,(anonymous_12)
FNDA:4,(anonymous_13)
DA:9,1
DA:13,75
DA:14,75
DA:17,1
DA:21,1
DA:22,12
DA:25,1
DA:26,126
DA:29,1
DA:31,1
DA:34,1
DA:35,1
DA:38,1
DA:39,1
DA:41,1
DA:42,1
DA:45,1
DA:46,1
DA:49,1
DA:50,2
DA:57,1
DA:58,6
DA:60,1
DA:62,1
DA:64,1
DA:68,1
DA:69,4
DA:71,1
LF:28
LH:28
BRF:0
BRH:0
end_of_record
TN:
SF:C:\Users\Kiran\Desktop\Learner\Final_Assessment\ProjectManagement\latest\ProjectManagement_Frontend\src\app\_shared\dialog.component.ts
FN:16,DialogComponent
FN:23,(anonymous_2)
FN:29,(anonymous_3)
FN:34,(anonymous_4)
FN:38,(anonymous_5)
FNF:5
FNH:0
FNDA:0,DialogComponent
FNDA:0,(anonymous_2)
FNDA:0,(anonymous_3)
FNDA:0,(anonymous_4)
FNDA:0,(anonymous_5)
DA:11,1
DA:16,0
DA:17,0
DA:18,0
DA:23,1
DA:26,0
DA:28,0
DA:29,0
DA:34,1
DA:35,0
DA:38,1
DA:39,0
DA:41,1
LF:13
LH:5
BRDA:25,0,0,0
BRDA:25,0,1,0
BRF:2
BRH:0
end_of_record
TN:
SF:C:\Users\Kiran\Desktop\Learner\Final_Assessment\ProjectManagement\latest\ProjectManagement_Frontend\src\app\_shared\show-message\show-message.component.ts
FN:11,ShowMessageComponent
FN:13,(anonymous_2)
FNF:2
FNH:2
FNDA:1,ShowMessageComponent
FNDA:1,(anonymous_2)
DA:9,1
DA:11,1
DA:13,1
DA:16,1
LF:4
LH:4
BRF:0
BRH:0
end_of_record
TN:
SF:C:\Users\Kiran\Desktop\Learner\Final_Assessment\ProjectManagement\latest\ProjectManagement_Frontend\src\app\_util\observe.service.ts
FN:5,ObserveService
FN:16,(anonymous_2)
FN:20,(anonymous_3)
FNF:3
FNH:3
FNDA:38,ObserveService
FNDA:1,(anonymous_2)
FNDA:3,(anonymous_3)
DA:8,1
DA:10,38
DA:11,38
DA:13,38
DA:14,38
DA:16,1
DA:17,1
DA:20,1
DA:21,3
DA:24,1
LF:10
LH:10
BRF:0
BRH:0
end_of_record
TN:
SF:C:\Users\Kiran\Desktop\Learner\Final_Assessment\ProjectManagement\latest\ProjectManagement_Frontend\src\app\_util\util-service.service.ts
FN:15,UtilServiceService
FN:17,(anonymous_2)
FN:20,(anonymous_3)
FN:27,(anonymous_4)
FN:35,(anonymous_5)
FN:44,(anonymous_6)
FN:48,(anonymous_7)
FNF:7
FNH:7
FNDA:136,UtilServiceService
FNDA:14,(anonymous_2)
FNDA:1,(anonymous_3)
FNDA:1,(anonymous_4)
FNDA:1,(anonymous_5)
FNDA:1,(anonymous_6)
FNDA:5,(anonymous_7)
DA:11,1
DA:13,136
DA:15,136
DA:17,1
DA:18,14
DA:20,1
DA:22,1
DA:24,1
DA:27,1
DA:28,1
DA:30,1
DA:32,1
DA:35,1
DA:36,1
DA:39,1
DA:44,1
DA:45,1
DA:48,6
DA:50,2
DA:56,3
DA:61,1
LF:21
LH:21
BRDA:19,0,0,14
BRDA:19,0,1,2
BRDA:26,1,0,13
BRDA:26,1,1,2
BRDA:34,2,0,12
BRDA:34,2,1,2
BRDA:48,3,0,1
BRDA:48,3,1,4
BRF:8
BRH:8
end_of_record
TN:
SF:C:\Users\Kiran\Desktop\Learner\Final_Assessment\ProjectManagement\latest\ProjectManagement_Frontend\src\app\home\home.component.ts
FN:16,HomeComponent
FN:18,(anonymous_2)
FN:21,(anonymous_3)
FN:28,(anonymous_4)
FNF:4
FNH:4
FNDA:5,HomeComponent
FNDA:5,(anonymous_2)
FNDA:5,(anonymous_3)
FNDA:2,(anonymous_4)
DA:10,1
DA:13,5
DA:16,5
DA:18,5
DA:19,5
DA:20,5
DA:23,0
DA:28,1
DA:30,2
DA:32,2
DA:35,2
DA:38,1
LF:12
LH:11
BRF:0
BRH:0
end_of_record
TN:
SF:C:\Users\Kiran\Desktop\Learner\Final_Assessment\ProjectManagement\latest\ProjectManagement_Frontend\src\app\project\add-project\add-project.component.ts
FN:39,AddProjectComponent
FN:42,(anonymous_2)
FN:61,(anonymous_3)
FN:74,(anonymous_4)
FN:83,(anonymous_5)
FN:86,(anonymous_6)
FN:100,(anonymous_7)
FN:103,(anonymous_8)
FN:113,(anonymous_9)
FN:125,(anonymous_10)
FN:131,(anonymous_11)
FN:138,(anonymous_12)
FN:152,(anonymous_13)
FN:166,(anonymous_14)
FN:183,(anonymous_15)
FN:193,(anonymous_16)
FN:201,(anonymous_17)
FNF:17
FNH:10
FNDA:9,AddProjectComponent
FNDA:1,(anonymous_2)
FNDA:9,(anonymous_3)
FNDA:88,(anonymous_4)
FNDA:1,(anonymous_5)
FNDA:2,(anonymous_6)
FNDA:1,(anonymous_7)
FNDA:0,(anonymous_8)
FNDA:0,(anonymous_9)
FNDA:0,(anonymous_10)
FNDA:2,(anonymous_11)
FNDA:0,(anonymous_12)
FNDA:0,(anonymous_13)
FNDA:0,(anonymous_14)
FNDA:0,(anonymous_15)
FNDA:1,(anonymous_16)
FNDA:1,(anonymous_17)
DA:17,1
DA:25,9
DA:26,9
DA:27,9
DA:28,9
DA:36,1
DA:37,9
DA:39,9
DA:40,9
DA:42,1
DA:44,1
DA:47,1
DA:48,1
DA:49,1
DA:50,1
DA:51,1
DA:52,1
DA:53,1
DA:55,1
DA:56,1
DA:61,1
DA:62,9
DA:74,1
DA:77,3
DA:80,85
DA:83,1
DA:84,1
DA:86,1
DA:87,2
DA:90,1
DA:91,1
DA:93,1
DA:94,1
DA:95,1
DA:96,1
DA:100,1
DA:102,1
DA:104,0
DA:106,0
DA:107,0
DA:109,0
DA:113,0
DA:116,0
DA:118,0
DA:120,0
DA:126,0
DA:127,0
DA:131,2
DA:134,0
DA:135,0
DA:137,0
DA:140,0
DA:142,0
DA:143,0
DA:153,0
DA:154,0
DA:159,0
DA:160,0
DA:161,0
DA:165,0
DA:169,0
DA:170,0
DA:184,0
DA:185,0
DA:189,2
DA:193,1
DA:194,1
DA:195,1
DA:201,1
DA:202,1
DA:203,1
DA:204,1
DA:205,1
DA:206,1
DA:207,1
DA:209,1
LF:76
LH:50
BRDA:46,0,0,1
BRDA:46,0,1,1
BRDA:75,1,0,88
BRDA:75,1,1,85
BRF:4
BRH:4
end_of_record
TN:
SF:C:\Users\Kiran\Desktop\Learner\Final_Assessment\ProjectManagement\latest\ProjectManagement_Frontend\src\app\project\project-form\project-form.component.ts
FN:15,ProjectFormComponent
FN:20,(anonymous_2)
FN:24,(anonymous_3)
FN:29,(anonymous_4)
FN:31,(anonymous_5)
FN:39,(anonymous_6)
FN:40,(anonymous_7)
FN:42,(anonymous_8)
FN:51,(anonymous_9)
FN:74,(anonymous_10)
FN:76,(anonymous_11)
FN:85,(anonymous_12)
FN:91,(anonymous_13)
FNF:13
FNH:8
FNDA:6,ProjectFormComponent
FNDA:6,(anonymous_2)
FNDA:1,(anonymous_3)
FNDA:1,(anonymous_4)
FNDA:0,(anonymous_5)
FNDA:1,(anonymous_6)
FNDA:2,(anonymous_7)
FNDA:0,(anonymous_8)
FNDA:0,(anonymous_9)
FNDA:1,(anonymous_10)
FNDA:0,(anonymous_11)
FNDA:0,(anonymous_12)
FNDA:1,(anonymous_13)
DA:13,1
DA:15,6
DA:16,6
DA:20,1
DA:24,1
DA:26,1
DA:29,1
DA:30,1
DA:33,0
DA:34,0
DA:39,1
DA:40,1
DA:41,2
DA:44,0
DA:46,0
DA:47,0
DA:48,0
DA:50,0
DA:51,0
DA:54,0
DA:57,0
DA:59,0
DA:62,0
DA:63,0
DA:67,0
DA:74,1
DA:75,1
DA:81,0
DA:82,0
DA:86,0
DA:87,0
DA:91,1
DA:92,1
DA:94,1
LF:34
LH:16
BRDA:53,0,0,0
BRDA:53,0,1,0
BRDA:53,0,2,0
BRDA:66,1,0,0
BRDA:66,1,1,0
BRF:5
BRH:0
end_of_record
TN:
SF:C:\Users\Kiran\Desktop\Learner\Final_Assessment\ProjectManagement\latest\ProjectManagement_Frontend\src\app\project\view-project\view-project.component.ts
FN:34,ViewProjectComponent
FN:37,(anonymous_2)
FN:40,(anonymous_3)
FN:47,(anonymous_4)
FN:57,(anonymous_5)
FN:59,(anonymous_6)
FN:70,(anonymous_7)
FN:71,(anonymous_8)
FN:73,(anonymous_9)
FN:82,(anonymous_10)
FN:99,(anonymous_11)
FN:106,(anonymous_12)
FN:108,(anonymous_13)
FN:117,(anonymous_14)
FN:123,(anonymous_15)
FN:150,(anonymous_16)
FN:155,(anonymous_17)
FN:163,(anonymous_18)
FN:169,(anonymous_19)
FNF:19
FNH:17
FNDA:10,ViewProjectComponent
FNDA:10,(anonymous_2)
FNDA:10,(anonymous_3)
FNDA:1,(anonymous_4)
FNDA:10,(anonymous_5)
FNDA:10,(anonymous_6)
FNDA:10,(anonymous_7)
FNDA:210,(anonymous_8)
FNDA:174,(anonymous_9)
FNDA:143,(anonymous_10)
FNDA:0,(anonymous_11)
FNDA:124,(anonymous_12)
FNDA:76,(anonymous_13)
FNDA:0,(anonymous_14)
FNDA:5,(anonymous_15)
FNDA:2,(anonymous_16)
FNDA:5,(anonymous_17)
FNDA:1,(anonymous_18)
FNDA:1,(anonymous_19)
DA:15,1
DA:22,1
DA:23,10
DA:28,10
DA:29,10
DA:30,10
DA:31,10
DA:33,10
DA:34,10
DA:35,10
DA:37,10
DA:38,10
DA:39,10
DA:42,0
DA:47,1
DA:50,1
DA:51,1
DA:57,10
DA:58,10
DA:61,10
DA:62,10
DA:63,10
DA:70,10
DA:71,10
DA:72,210
DA:75,174
DA:76,174
DA:78,174
DA:79,174
DA:81,76
DA:82,76
DA:85,85
DA:88,76
DA:91,98
DA:95,124
DA:100,0
DA:101,0
DA:106,124
DA:107,124
DA:113,69
DA:114,69
DA:118,0
DA:119,0
DA:123,1
DA:126,1
DA:127,1
DA:130,1
DA:131,1
DA:134,1
DA:135,1
DA:138,1
DA:139,1
DA:142,1
DA:150,1
DA:153,1
DA:155,5
DA:156,1
DA:158,1
DA:163,1
DA:166,1
DA:169,1
DA:170,1
DA:171,1
DA:179,1
LF:64
LH:59
BRDA:84,0,0,143
BRDA:84,0,1,143
BRDA:84,0,2,143
BRDA:94,1,0,174
BRDA:94,1,1,150
BRDA:109,2,0,76
BRDA:109,2,1,76
BRDA:152,3,0,2
BRDA:152,3,1,2
BRF:9
BRH:9
end_of_record
TN:
SF:C:\Users\Kiran\Desktop\Learner\Final_Assessment\ProjectManagement\latest\ProjectManagement_Frontend\src\app\task\add-task\add-task.component.ts
FN:29,AddTaskComponent
FN:42,(anonymous_2)
FN:45,(anonymous_3)
FN:63,(anonymous_4)
FN:76,(anonymous_5)
FN:85,(anonymous_6)
FN:87,(anonymous_7)
FN:92,(anonymous_8)
FN:104,(anonymous_9)
FN:136,(anonymous_10)
FN:165,(anonymous_11)
FN:169,(anonymous_12)
FN:177,(anonymous_13)
FN:183,(anonymous_14)
FN:190,(anonymous_15)
FN:194,(anonymous_16)
FN:203,(anonymous_17)
FN:209,(anonymous_18)
FN:216,(anonymous_19)
FN:220,(anonymous_20)
FN:228,(anonymous_21)
FN:234,(anonymous_22)
FN:241,(anonymous_23)
FN:254,(anonymous_24)
FN:262,(anonymous_25)
FN:273,(anonymous_26)
FN:285,(anonymous_27)
FN:304,(anonymous_28)
FN:313,(anonymous_29)
FN:322,(anonymous_30)
FN:330,(anonymous_31)
FNF:31
FNH:14
FNDA:12,AddTaskComponent
FNDA:1,(anonymous_2)
FNDA:12,(anonymous_3)
FNDA:12,(anonymous_4)
FNDA:156,(anonymous_5)
FNDA:1,(anonymous_6)
FNDA:0,(anonymous_7)
FNDA:0,(anonymous_8)
FNDA:1,(anonymous_9)
FNDA:2,(anonymous_10)
FNDA:1,(anonymous_11)
FNDA:0,(anonymous_12)
FNDA:0,(anonymous_13)
FNDA:0,(anonymous_14)
FNDA:1,(anonymous_15)
FNDA:0,(anonymous_16)
FNDA:0,(anonymous_17)
FNDA:0,(anonymous_18)
FNDA:1,(anonymous_19)
FNDA:0,(anonymous_20)
FNDA:0,(anonymous_21)
FNDA:0,(anonymous_22)
FNDA:3,(anonymous_23)
FNDA:0,(anonymous_24)
FNDA:0,(anonymous_25)
FNDA:0,(anonymous_26)
FNDA:0,(anonymous_27)
FNDA:0,(anonymous_28)
FNDA:0,(anonymous_29)
FNDA:1,(anonymous_30)
FNDA:1,(anonymous_31)
DA:20,1
DA:23,12
DA:24,12
DA:25,12
DA:27,12
DA:29,12
DA:30,12
DA:31,12
DA:32,12
DA:33,12
DA:34,12
DA:42,1
DA:45,12
DA:46,12
DA:62,12
DA:68,0
DA:70,0
DA:76,1
DA:79,2
DA:82,154
DA:85,1
DA:86,1
DA:89,0
DA:91,0
DA:95,0
DA:104,1
DA:105,1
DA:106,1
DA:107,1
DA:109,1
DA:110,1
DA:111,1
DA:136,1
DA:139,2
DA:140,2
DA:141,2
DA:142,2
DA:143,2
DA:144,2
DA:148,1
DA:149,1
DA:150,1
DA:151,1
DA:152,1
DA:153,1
DA:155,1
DA:156,1
DA:157,1
DA:158,1
DA:159,1
DA:160,1
DA:162,2
DA:165,1
DA:168,1
DA:170,0
DA:171,0
DA:172,0
DA:173,0
DA:176,0
DA:179,0
DA:180,0
DA:184,0
DA:185,0
DA:190,1
DA:193,1
DA:195,0
DA:196,0
DA:197,0
DA:199,0
DA:202,0
DA:205,0
DA:206,0
DA:210,0
DA:211,0
DA:216,1
DA:219,1
DA:221,0
DA:222,0
DA:223,0
DA:224,0
DA:227,0
DA:230,0
DA:231,0
DA:235,0
DA:236,0
DA:241,3
DA:245,3
DA:251,0
DA:253,0
DA:257,0
DA:258,0
DA:263,0
DA:264,0
DA:267,0
DA:268,0
DA:272,0
DA:280,0
DA:281,0
DA:282,0
DA:286,0
DA:287,0
DA:299,0
DA:302,0
DA:303,0
DA:308,0
DA:309,0
DA:314,0
DA:315,0
DA:322,1
DA:323,1
DA:324,1
DA:330,1
DA:331,1
DA:333,1
LF:114
LH:61
BRDA:67,0,0,0
BRDA:67,0,1,0
BRDA:77,1,0,156
BRDA:77,1,1,26
BRF:4
BRH:2
end_of_record
TN:
SF:C:\Users\Kiran\Desktop\Learner\Final_Assessment\ProjectManagement\latest\ProjectManagement_Frontend\src\app\task\task-form\task-form.component.ts
FN:10,TaskFormComponent
FN:12,(anonymous_2)
FNF:2
FNH:2
FNDA:1,TaskFormComponent
FNDA:1,(anonymous_2)
DA:8,1
DA:12,1
DA:15,1
LF:3
LH:3
BRF:0
BRH:0
end_of_record
TN:
SF:C:\Users\Kiran\Desktop\Learner\Final_Assessment\ProjectManagement\latest\ProjectManagement_Frontend\src\app\task\view-task\view-task.component.ts
FN:42,ViewTaskComponent
FN:45,(anonymous_2)
FN:54,(anonymous_3)
FN:61,(anonymous_4)
FN:63,(anonymous_5)
FN:71,(anonymous_6)
FN:77,(anonymous_7)
FN:95,(anonymous_8)
FN:99,(anonymous_9)
FN:101,(anonymous_10)
FN:105,(anonymous_11)
FN:110,(anonymous_12)
FN:115,(anonymous_13)
FN:132,(anonymous_14)
FN:134,(anonymous_15)
FN:136,(anonymous_16)
FN:143,(anonymous_17)
FN:146,(anonymous_18)
FN:153,(anonymous_19)
FN:159,(anonymous_20)
FN:164,(anonymous_21)
FNF:21
FNH:11
FNDA:8,ViewTaskComponent
FNDA:8,(anonymous_2)
FNDA:8,(anonymous_3)
FNDA:3,(anonymous_4)
FNDA:2,(anonymous_5)
FNDA:0,(anonymous_6)
FNDA:5,(anonymous_7)
FNDA:1,(anonymous_8)
FNDA:1,(anonymous_9)
FNDA:0,(anonymous_10)
FNDA:0,(anonymous_11)
FNDA:0,(anonymous_12)
FNDA:0,(anonymous_13)
FNDA:8,(anonymous_14)
FNDA:0,(anonymous_15)
FNDA:0,(anonymous_16)
FNDA:8,(anonymous_17)
FNDA:3,(anonymous_18)
FNDA:0,(anonymous_19)
FNDA:0,(anonymous_20)
FNDA:0,(anonymous_21)
DA:17,1
DA:26,8
DA:27,8
DA:28,8
DA:29,8
DA:30,8
DA:38,8
DA:42,8
DA:43,8
DA:45,8
DA:46,8
DA:50,8
DA:53,8
DA:56,0
DA:61,3
DA:62,3
DA:65,2
DA:68,2
DA:72,0
DA:73,0
DA:77,1
DA:79,1
DA:80,1
DA:82,1
DA:83,1
DA:85,1
DA:86,1
DA:88,1
DA:89,1
DA:91,1
DA:95,1
DA:96,1
DA:99,1
DA:100,1
DA:102,0
DA:103,0
DA:106,0
DA:110,1
DA:111,0
DA:113,0
DA:115,0
DA:116,0
DA:123,0
DA:128,0
DA:132,8
DA:133,8
DA:135,0
DA:137,0
DA:138,0
DA:143,8
DA:144,8
DA:145,8
DA:147,3
DA:149,3
DA:150,3
DA:154,0
DA:155,0
DA:159,1
DA:160,0
DA:164,0
DA:165,0
DA:168,1
LF:62
LH:42
BRDA:112,0,0,0
BRDA:112,0,1,0
BRDA:119,1,0,0
BRDA:119,1,1,0
BRDA:122,2,0,0
BRDA:122,2,1,0
BRF:6
BRH:0
end_of_record
TN:
SF:C:\Users\Kiran\Desktop\Learner\Final_Assessment\ProjectManagement\latest\ProjectManagement_Frontend\src\app\user\add-user\add-user.component.ts
FN:19,AddUserComponent
FN:25,(anonymous_2)
FN:33,(anonymous_3)
FN:39,(anonymous_4)
FN:56,(anonymous_5)
FN:63,(anonymous_6)
FN:70,(anonymous_7)
FN:76,(anonymous_8)
FN:87,(anonymous_9)
FN:92,(anonymous_10)
FN:99,(anonymous_11)
FNF:11
FNH:5
FNDA:10,AddUserComponent
FNDA:8,(anonymous_2)
FNDA:1,(anonymous_3)
FNDA:1,(anonymous_4)
FNDA:0,(anonymous_5)
FNDA:2,(anonymous_6)
FNDA:0,(anonymous_7)
FNDA:0,(anonymous_8)
FNDA:0,(anonymous_9)
FNDA:0,(anonymous_10)
FNDA:0,(anonymous_11)
DA:13,1
DA:15,10
DA:16,1
DA:19,10
DA:20,10
DA:21,1
DA:22,10
DA:25,1
DA:26,8
DA:33,1
DA:35,1
DA:37,1
DA:38,1
DA:42,0
DA:47,0
DA:56,1
DA:58,0
DA:59,0
DA:63,2
DA:65,1
DA:68,1
DA:69,1
DA:71,0
DA:73,0
DA:77,0
DA:80,0
DA:86,0
DA:88,0
DA:89,0
DA:90,0
DA:93,0
DA:99,1
DA:100,0
DA:101,0
DA:102,0
DA:104,1
LF:36
LH:20
BRDA:36,0,0,1
BRDA:36,0,1,1
BRF:2
BRH:2
end_of_record
TN:
SF:C:\Users\Kiran\Desktop\Learner\Final_Assessment\ProjectManagement\latest\ProjectManagement_Frontend\src\app\user\user-form\user-form.component.ts
FN:14,UserFormComponent
FN:16,(anonymous_2)
FN:21,(anonymous_3)
FN:23,(anonymous_4)
FN:30,(anonymous_5)
FN:36,(anonymous_6)
FNF:6
FNH:6
FNDA:5,UserFormComponent
FNDA:5,(anonymous_2)
FNDA:1,(anonymous_3)
FNDA:1,(anonymous_4)
FNDA:1,(anonymous_5)
FNDA:1,(anonymous_6)
DA:10,1
DA:14,5
DA:16,1
DA:21,1
DA:22,1
DA:24,1
DA:30,1
DA:32,1
DA:36,1
DA:38,1
DA:41,1
LF:11
LH:11
BRF:0
BRH:0
end_of_record
TN:
SF:C:\Users\Kiran\Desktop\Learner\Final_Assessment\ProjectManagement\latest\ProjectManagement_Frontend\src\app\user\view-user\view-user.component.ts
FN:25,ViewUserComponent
FN:27,(anonymous_2)
FN:31,(anonymous_3)
FN:41,(anonymous_4)
FN:43,(anonymous_5)
FN:50,(anonymous_6)
FN:69,(anonymous_7)
FN:75,(anonymous_8)
FN:76,(anonymous_9)
FN:77,(anonymous_10)
FN:86,(anonymous_11)
FN:91,(anonymous_12)
FN:93,(anonymous_13)
FN:97,(anonymous_14)
FNF:14
FNH:11
FNDA:11,ViewUserComponent
FNDA:11,(anonymous_2)
FNDA:1,(anonymous_3)
FNDA:11,(anonymous_4)
FNDA:0,(anonymous_5)
FNDA:4,(anonymous_6)
FNDA:2,(anonymous_7)
FNDA:3,(anonymous_8)
FNDA:3,(anonymous_9)
FNDA:3,(anonymous_10)
FNDA:1,(anonymous_11)
FNDA:1,(anonymous_12)
FNDA:0,(anonymous_13)
FNDA:0,(anonymous_14)
DA:12,1
DA:15,1
DA:16,11
DA:21,11
DA:22,11
DA:23,11
DA:24,11
DA:25,11
DA:27,1
DA:28,11
DA:31,1
DA:34,1
DA:35,1
DA:41,11
DA:42,11
DA:45,0
DA:46,0
DA:50,1
DA:52,1
DA:53,1
DA:55,1
DA:56,1
DA:58,1
DA:59,1
DA:61,1
DA:69,1
DA:71,2
DA:73,1
DA:75,3
DA:76,3
DA:77,3
DA:78,1
DA:81,1
DA:86,1
DA:88,1
DA:91,1
DA:92,1
DA:94,0
DA:95,0
DA:98,0
DA:99,0
DA:103,1
LF:42
LH:36
BRF:0
BRH:0
end_of_record
TN:
SF:C:\Users\Kiran\Desktop\Learner\Final_Assessment\ProjectManagement\latest\ProjectManagement_Frontend\src\environments\environment.ts
FNF:0
FNH:0
LF:0
LH:0
BRF:0
BRH:0
end_of_record
