TN:
SF:C:\Mean\FinalAssessment\ProjectManagement_Frontend\src\polyfills.ts
FNF:0
FNH:0
LF:0
LH:0
BRF:0
BRH:0
end_of_record
TN:
SF:C:\Mean\FinalAssessment\ProjectManagement_Frontend\src\test.ts
FNF:0
FNH:0
DA:13,1
DA:18,1
DA:20,1
LF:3
LH:3
BRF:0
BRH:0
end_of_record
TN:
SF:C:\Mean\FinalAssessment\ProjectManagement_Frontend\src\app\app.component.ts
FN:3,AppComponent
FNF:1
FNH:1
FNDA:3,AppComponent
DA:8,1
DA:9,3
DA:10,1
LF:3
LH:3
BRF:0
BRH:0
end_of_record
TN:
SF:C:\Mean\FinalAssessment\ProjectManagement_Frontend\src\app\_model\project.model.ts
FN:1,(anonymous_0)
FN:9,Project
FN:14,(anonymous_2)
FNF:3
FNH:3
FNDA:1,(anonymous_0)
FNDA:15,Project
FNDA:2,(anonymous_2)
DA:1,1
DA:10,15
DA:12,1
DA:14,1
DA:20,1
DA:23,1
LF:6
LH:6
BRF:0
BRH:0
end_of_record
TN:
SF:C:\Mean\FinalAssessment\ProjectManagement_Frontend\src\app\_model\task.model.ts
FN:1,(anonymous_0)
FN:13,Task
FN:24,(anonymous_2)
FN:35,(anonymous_4)
FN:38,ParentTask
FNF:5
FNH:5
FNDA:1,(anonymous_0)
FNDA:19,Task
FNDA:1,(anonymous_2)
FNDA:1,(anonymous_4)
FNDA:1,ParentTask
DA:1,1
DA:14,19
DA:15,19
DA:16,19
DA:17,19
DA:18,19
DA:19,19
DA:20,19
DA:22,1
DA:24,1
DA:33,1
DA:35,1
DA:39,1
DA:41,1
LF:14
LH:14
BRDA:15,0,0,0
BRDA:15,0,1,19
BRDA:16,1,0,0
BRDA:16,1,1,19
BRF:4
BRH:2
end_of_record
TN:
SF:C:\Mean\FinalAssessment\ProjectManagement_Frontend\src\app\_model\user.model.ts
FN:1,(anonymous_0)
FN:9,User
FN:14,(anonymous_2)
FNF:3
FNH:3
FNDA:1,(anonymous_0)
FNDA:14,User
FNDA:1,(anonymous_2)
DA:1,1
DA:10,14
DA:12,1
DA:14,1
DA:15,1
DA:16,1
DA:17,1
DA:18,1
DA:19,1
LF:9
LH:9
BRDA:14,0,0,1
BRDA:14,0,1,1
BRF:2
BRH:2
end_of_record
TN:
SF:C:\Mean\FinalAssessment\ProjectManagement_Frontend\src\app\_services\project.service.ts
FN:14,ProjectService
FN:18,(anonymous_2)
FN:22,(anonymous_3)
FN:26,(anonymous_4)
FN:30,(anonymous_5)
FN:34,(anonymous_6)
FN:38,(anonymous_7)
FN:43,(anonymous_8)
FN:54,(anonymous_9)
FN:55,(anonymous_10)
FN:65,(anonymous_11)
FN:66,(anonymous_12)
FN:80,(anonymous_13)
FNF:13
FNH:12
FNDA:19,ProjectService
FNDA:0,(anonymous_2)
FNDA:2,(anonymous_3)
FNDA:1,(anonymous_4)
FNDA:1,(anonymous_5)
FNDA:1,(anonymous_6)
FNDA:1,(anonymous_7)
FNDA:1,(anonymous_8)
FNDA:3,(anonymous_9)
FNDA:3,(anonymous_10)
FNDA:4,(anonymous_11)
FNDA:4,(anonymous_12)
FNDA:1,(anonymous_13)
DA:10,1
DA:14,19
DA:15,19
DA:18,1
DA:22,1
DA:23,2
DA:26,1
DA:27,1
DA:30,1
DA:31,1
DA:34,1
DA:35,1
DA:38,1
DA:39,1
DA:43,1
DA:47,1
DA:48,1
DA:51,1
DA:54,1
DA:55,3
DA:57,1
DA:59,1
DA:61,1
DA:65,1
DA:66,4
DA:68,3
DA:69,3
DA:73,1
DA:74,1
DA:80,1
DA:81,1
DA:83,1
LF:32
LH:32
BRF:0
BRH:0
end_of_record
TN:
SF:C:\Mean\FinalAssessment\ProjectManagement_Frontend\src\app\_services\task.service.ts
FN:14,TaskService
FN:19,(anonymous_2)
FN:23,(anonymous_3)
FN:27,(anonymous_4)
FN:31,(anonymous_5)
FN:35,(anonymous_6)
FN:39,(anonymous_7)
FN:43,(anonymous_8)
FN:47,(anonymous_9)
FN:51,(anonymous_10)
FN:58,(anonymous_11)
FN:62,(anonymous_12)
FN:63,(anonymous_13)
FN:73,(anonymous_14)
FN:75,(anonymous_15)
FN:89,(anonymous_16)
FN:93,(anonymous_17)
FN:96,(anonymous_18)
FN:99,(anonymous_19)
FNF:19
FNH:19
FNDA:21,TaskService
FNDA:1,(anonymous_2)
FNDA:1,(anonymous_3)
FNDA:1,(anonymous_4)
FNDA:1,(anonymous_5)
FNDA:1,(anonymous_6)
FNDA:2,(anonymous_7)
FNDA:1,(anonymous_8)
FNDA:1,(anonymous_9)
FNDA:2,(anonymous_10)
FNDA:1,(anonymous_11)
FNDA:3,(anonymous_12)
FNDA:3,(anonymous_13)
FNDA:4,(anonymous_14)
FNDA:4,(anonymous_15)
FNDA:1,(anonymous_16)
FNDA:1,(anonymous_17)
FNDA:7,(anonymous_18)
FNDA:56,(anonymous_19)
DA:9,1
DA:14,21
DA:15,21
DA:16,21
DA:19,1
DA:20,1
DA:23,1
DA:24,1
DA:27,1
DA:28,1
DA:31,1
DA:32,1
DA:35,1
DA:36,1
DA:39,1
DA:40,2
DA:43,1
DA:44,1
DA:47,1
DA:48,1
DA:51,1
DA:52,2
DA:58,1
DA:59,1
DA:62,1
DA:63,3
DA:65,1
DA:67,1
DA:69,1
DA:73,1
DA:75,4
DA:77,3
DA:78,3
DA:82,1
DA:83,1
DA:89,1
DA:90,1
DA:93,1
DA:96,1
DA:99,7
DA:101,6
DA:106,1
LF:42
LH:42
BRF:0
BRH:0
end_of_record
TN:
SF:C:\Mean\FinalAssessment\ProjectManagement_Frontend\src\app\_services\user.service.ts
FN:13,UserService
FN:17,(anonymous_2)
FN:21,(anonymous_3)
FN:25,(anonymous_4)
FN:29,(anonymous_5)
FN:34,(anonymous_6)
FN:38,(anonymous_7)
FN:41,(anonymous_8)
FN:45,(anonymous_9)
FN:49,(anonymous_10)
FN:57,(anonymous_11)
FN:58,(anonymous_12)
FN:68,(anonymous_13)
FNF:13
FNH:12
FNDA:34,UserService
FNDA:0,(anonymous_2)
FNDA:8,(anonymous_3)
FNDA:1,(anonymous_4)
FNDA:1,(anonymous_5)
FNDA:1,(anonymous_6)
FNDA:1,(anonymous_7)
FNDA:1,(anonymous_8)
FNDA:1,(anonymous_9)
FNDA:1,(anonymous_10)
FNDA:6,(anonymous_11)
FNDA:3,(anonymous_12)
FNDA:4,(anonymous_13)
DA:9,1
DA:13,34
DA:14,34
DA:17,1
DA:21,1
DA:22,8
DA:25,1
DA:26,1
DA:29,1
DA:30,1
DA:31,1
DA:34,1
DA:35,1
DA:38,1
DA:39,1
DA:41,1
DA:42,1
DA:45,1
DA:46,1
DA:49,1
DA:50,1
DA:57,1
DA:58,6
DA:60,1
DA:62,1
DA:64,1
DA:68,1
DA:69,4
DA:71,1
LF:29
LH:29
BRF:0
BRH:0
end_of_record
TN:
SF:C:\Mean\FinalAssessment\ProjectManagement_Frontend\src\app\_util\observe.service.ts
FN:5,ObserveService
FN:13,(anonymous_2)
FNF:2
FNH:1
FNDA:6,ObserveService
FNDA:0,(anonymous_2)
DA:8,1
DA:10,6
DA:11,6
DA:13,1
DA:14,0
DA:17,1
LF:6
LH:5
BRF:0
BRH:0
end_of_record
TN:
SF:C:\Mean\FinalAssessment\ProjectManagement_Frontend\src\app\_util\util-service.service.ts
FN:14,UtilServiceService
FN:16,(anonymous_2)
FN:19,(anonymous_3)
FN:25,(anonymous_4)
FN:32,(anonymous_5)
FN:40,(anonymous_6)
FNF:6
FNH:2
FNDA:72,UtilServiceService
FNDA:1,(anonymous_2)
FNDA:0,(anonymous_3)
FNDA:0,(anonymous_4)
FNDA:0,(anonymous_5)
FNDA:0,(anonymous_6)
DA:10,1
DA:12,72
DA:16,1
DA:17,1
DA:19,0
DA:20,0
DA:21,0
DA:25,0
DA:26,0
DA:27,0
DA:28,0
DA:32,0
DA:33,0
DA:34,0
DA:40,1
DA:41,0
DA:44,1
LF:17
LH:6
BRDA:18,0,0,1
BRDA:18,0,1,0
BRDA:24,1,0,1
BRDA:24,1,1,0
BRDA:31,2,0,1
BRDA:31,2,1,0
BRF:6
BRH:3
end_of_record
TN:
SF:C:\Mean\FinalAssessment\ProjectManagement_Frontend\src\app\home\home.component.ts
FN:16,HomeComponent
FN:18,(anonymous_2)
FN:21,(anonymous_3)
FN:28,(anonymous_4)
FNF:4
FNH:3
FNDA:3,HomeComponent
FNDA:3,(anonymous_2)
FNDA:3,(anonymous_3)
FNDA:0,(anonymous_4)
DA:10,1
DA:13,3
DA:16,3
DA:18,3
DA:19,3
DA:20,3
DA:23,0
DA:28,1
DA:29,0
DA:30,0
DA:31,0
DA:33,1
LF:12
LH:8
BRDA:29,0,0,0
BRDA:29,0,1,0
BRF:2
BRH:0
end_of_record
TN:
SF:C:\Mean\FinalAssessment\ProjectManagement_Frontend\src\app\project\add-project\add-project.component.ts
FN:39,AddProjectComponent
FN:42,(anonymous_2)
FN:71,(anonymous_3)
FN:84,(anonymous_4)
FN:101,(anonymous_5)
FN:103,(anonymous_6)
FN:109,(anonymous_7)
FN:117,(anonymous_8)
FN:131,(anonymous_9)
FN:136,(anonymous_10)
FN:149,(anonymous_11)
FN:162,(anonymous_12)
FN:178,(anonymous_13)
FN:184,(anonymous_14)
FN:192,(anonymous_15)
FNF:15
FNH:2
FNDA:1,AddProjectComponent
FNDA:0,(anonymous_2)
FNDA:1,(anonymous_3)
FNDA:0,(anonymous_4)
FNDA:0,(anonymous_5)
FNDA:0,(anonymous_6)
FNDA:0,(anonymous_7)
FNDA:0,(anonymous_8)
FNDA:0,(anonymous_9)
FNDA:0,(anonymous_10)
FNDA:0,(anonymous_11)
FNDA:0,(anonymous_12)
FNDA:0,(anonymous_13)
FNDA:0,(anonymous_14)
FNDA:0,(anonymous_15)
DA:17,1
DA:25,1
DA:26,1
DA:27,1
DA:28,1
DA:36,1
DA:37,2
DA:39,1
DA:40,1
DA:42,1
DA:44,0
DA:45,0
DA:47,0
DA:48,0
DA:49,0
DA:50,0
DA:51,0
DA:52,0
DA:53,0
DA:54,0
DA:55,0
DA:71,1
DA:72,1
DA:84,1
DA:85,0
DA:87,0
DA:88,0
DA:91,0
DA:92,0
DA:93,0
DA:94,0
DA:101,1
DA:102,0
DA:104,0
DA:105,0
DA:106,0
DA:107,0
DA:110,0
DA:113,0
DA:117,0
DA:119,0
DA:120,0
DA:121,0
DA:122,0
DA:124,0
DA:126,0
DA:131,1
DA:133,0
DA:134,0
DA:135,0
DA:137,0
DA:138,0
DA:139,0
DA:140,0
DA:150,0
DA:154,0
DA:155,0
DA:156,0
DA:157,0
DA:158,0
DA:160,0
DA:161,0
DA:163,0
DA:164,0
DA:165,0
DA:179,0
DA:184,1
DA:185,0
DA:186,0
DA:192,1
DA:193,0
DA:195,1
LF:72
LH:18
BRDA:46,0,0,0
BRDA:46,0,1,0
BRDA:52,1,0,0
BRDA:52,1,1,0
BRF:4
BRH:0
end_of_record
TN:
SF:C:\Mean\FinalAssessment\ProjectManagement_Frontend\src\app\project\project-form\project-form.component.ts
FN:12,ProjectFormComponent
FN:16,(anonymous_2)
FN:20,(anonymous_3)
FN:25,(anonymous_4)
FN:27,(anonymous_5)
FN:33,(anonymous_6)
FNF:6
FNH:2
FNDA:1,ProjectFormComponent
FNDA:1,(anonymous_2)
FNDA:0,(anonymous_3)
FNDA:0,(anonymous_4)
FNDA:0,(anonymous_5)
FNDA:0,(anonymous_6)
DA:10,1
DA:12,1
DA:16,1
DA:20,1
DA:21,0
DA:22,0
DA:25,1
DA:26,0
DA:28,0
DA:33,1
DA:34,0
DA:36,1
LF:12
LH:7
BRF:0
BRH:0
end_of_record
TN:
SF:C:\Mean\FinalAssessment\ProjectManagement_Frontend\src\app\project\view-project\view-project.component.ts
FN:30,ViewProjectComponent
FN:32,(anonymous_2)
FN:36,(anonymous_3)
FN:46,(anonymous_4)
FN:48,(anonymous_5)
FN:55,(anonymous_6)
FN:85,(anonymous_7)
FN:90,(anonymous_8)
FN:99,(anonymous_9)
FN:105,(anonymous_10)
FNF:10
FNH:4
FNDA:1,ViewProjectComponent
FNDA:1,(anonymous_2)
FNDA:0,(anonymous_3)
FNDA:1,(anonymous_4)
FNDA:1,(anonymous_5)
FNDA:0,(anonymous_6)
FNDA:0,(anonymous_7)
FNDA:0,(anonymous_8)
FNDA:0,(anonymous_9)
FNDA:0,(anonymous_10)
DA:11,1
DA:18,1
DA:19,1
DA:24,1
DA:25,1
DA:26,1
DA:27,1
DA:29,1
DA:30,1
DA:32,1
DA:33,1
DA:36,1
DA:39,0
DA:40,0
DA:46,1
DA:47,1
DA:50,1
DA:51,1
DA:55,1
DA:58,0
DA:59,0
DA:63,0
DA:64,0
DA:68,0
DA:69,0
DA:73,0
DA:74,0
DA:77,0
DA:85,1
DA:86,0
DA:88,0
DA:89,0
DA:90,0
DA:91,0
DA:94,0
DA:99,1
DA:102,0
DA:105,1
DA:106,0
DA:114,1
LF:40
LH:21
BRDA:87,0,0,0
BRDA:87,0,1,0
BRF:2
BRH:0
end_of_record
TN:
SF:C:\Mean\FinalAssessment\ProjectManagement_Frontend\src\app\shared\dialog.component.ts
FN:14,DialogComponent
FN:20,(anonymous_2)
FN:24,(anonymous_3)
FNF:3
FNH:0
FNDA:0,DialogComponent
FNDA:0,(anonymous_2)
FNDA:0,(anonymous_3)
DA:11,1
DA:14,0
DA:15,0
DA:16,0
DA:17,0
DA:20,1
DA:21,0
DA:24,1
DA:25,0
DA:27,1
LF:10
LH:4
BRF:0
BRH:0
end_of_record
TN:
SF:C:\Mean\FinalAssessment\ProjectManagement_Frontend\src\app\task\add-task\add-task.component.ts
FN:29,AddTaskComponent
FN:42,(anonymous_2)
FN:45,(anonymous_3)
FN:61,(anonymous_4)
FN:73,(anonymous_5)
FN:75,(anonymous_6)
FN:80,(anonymous_7)
FN:92,(anonymous_8)
FN:116,(anonymous_9)
FN:130,(anonymous_10)
FN:160,(anonymous_11)
FN:164,(anonymous_12)
FN:172,(anonymous_13)
FN:181,(anonymous_14)
FN:185,(anonymous_15)
FN:194,(anonymous_16)
FN:204,(anonymous_17)
FN:208,(anonymous_18)
FN:216,(anonymous_19)
FN:225,(anonymous_20)
FN:237,(anonymous_21)
FN:244,(anonymous_22)
FN:255,(anonymous_23)
FN:274,(anonymous_24)
FN:281,(anonymous_25)
FN:289,(anonymous_26)
FNF:26
FNH:3
FNDA:1,AddTaskComponent
FNDA:0,(anonymous_2)
FNDA:1,(anonymous_3)
FNDA:1,(anonymous_4)
FNDA:0,(anonymous_5)
FNDA:0,(anonymous_6)
FNDA:0,(anonymous_7)
FNDA:0,(anonymous_8)
FNDA:0,(anonymous_9)
FNDA:0,(anonymous_10)
FNDA:0,(anonymous_11)
FNDA:0,(anonymous_12)
FNDA:0,(anonymous_13)
FNDA:0,(anonymous_14)
FNDA:0,(anonymous_15)
FNDA:0,(anonymous_16)
FNDA:0,(anonymous_17)
FNDA:0,(anonymous_18)
FNDA:0,(anonymous_19)
FNDA:0,(anonymous_20)
FNDA:0,(anonymous_21)
FNDA:0,(anonymous_22)
FNDA:0,(anonymous_23)
FNDA:0,(anonymous_24)
FNDA:0,(anonymous_25)
FNDA:0,(anonymous_26)
DA:20,1
DA:23,1
DA:24,1
DA:25,1
DA:27,1
DA:29,1
DA:30,1
DA:31,1
DA:32,1
DA:33,1
DA:34,1
DA:42,1
DA:45,1
DA:46,1
DA:60,1
DA:63,0
DA:64,0
DA:66,0
DA:68,0
DA:73,1
DA:74,0
DA:77,0
DA:79,0
DA:83,0
DA:92,1
DA:93,0
DA:94,0
DA:96,0
DA:97,0
DA:98,0
DA:116,1
DA:123,0
DA:125,0
DA:130,1
DA:133,0
DA:134,0
DA:135,0
DA:136,0
DA:137,0
DA:138,0
DA:142,0
DA:143,0
DA:144,0
DA:145,0
DA:146,0
DA:147,0
DA:150,0
DA:151,0
DA:152,0
DA:153,0
DA:154,0
DA:155,0
DA:157,0
DA:160,1
DA:163,0
DA:165,0
DA:166,0
DA:167,0
DA:168,0
DA:171,0
DA:174,0
DA:175,0
DA:181,1
DA:184,0
DA:186,0
DA:187,0
DA:188,0
DA:190,0
DA:193,0
DA:196,0
DA:197,0
DA:204,1
DA:207,0
DA:209,0
DA:210,0
DA:211,0
DA:212,0
DA:215,0
DA:218,0
DA:219,0
DA:225,1
DA:227,0
DA:228,0
DA:229,0
DA:231,0
DA:233,0
DA:234,0
DA:235,0
DA:236,0
DA:238,0
DA:240,0
DA:245,0
DA:249,0
DA:250,0
DA:252,0
DA:254,0
DA:256,0
DA:262,0
DA:270,0
DA:271,0
DA:275,0
DA:276,0
DA:281,1
DA:282,0
DA:283,0
DA:289,1
DA:290,0
DA:292,1
LF:108
LH:26
BRDA:65,0,0,0
BRDA:65,0,1,0
BRDA:228,1,0,0
BRDA:228,1,1,0
BRF:4
BRH:0
end_of_record
TN:
SF:C:\Mean\FinalAssessment\ProjectManagement_Frontend\src\app\task\task-form\task-form.component.ts
FN:10,TaskFormComponent
FN:12,(anonymous_2)
FNF:2
FNH:2
FNDA:1,TaskFormComponent
FNDA:1,(anonymous_2)
DA:8,1
DA:12,1
DA:15,1
LF:3
LH:3
BRF:0
BRH:0
end_of_record
TN:
SF:C:\Mean\FinalAssessment\ProjectManagement_Frontend\src\app\task\view-task\view-task.component.ts
FN:41,ViewTaskComponent
FN:44,(anonymous_2)
FN:54,(anonymous_3)
FN:56,(anonymous_4)
FN:64,(anonymous_5)
FN:69,(anonymous_6)
FN:91,(anonymous_7)
FN:97,(anonymous_8)
FN:99,(anonymous_9)
FN:105,(anonymous_10)
FN:110,(anonymous_11)
FN:115,(anonymous_12)
FNF:12
FNH:6
FNDA:1,ViewTaskComponent
FNDA:1,(anonymous_2)
FNDA:1,(anonymous_3)
FNDA:1,(anonymous_4)
FNDA:0,(anonymous_5)
FNDA:0,(anonymous_6)
FNDA:0,(anonymous_7)
FNDA:1,(anonymous_8)
FNDA:1,(anonymous_9)
FNDA:0,(anonymous_10)
FNDA:0,(anonymous_11)
FNDA:0,(anonymous_12)
DA:16,1
DA:25,1
DA:26,1
DA:27,1
DA:28,1
DA:29,1
DA:37,1
DA:41,1
DA:42,1
DA:44,1
DA:45,1
DA:49,1
DA:51,1
DA:54,1
DA:55,1
DA:58,1
DA:61,1
DA:65,0
DA:69,1
DA:71,0
DA:72,0
DA:75,0
DA:76,0
DA:79,0
DA:80,0
DA:83,0
DA:84,0
DA:87,0
DA:91,1
DA:92,0
DA:93,0
DA:94,0
DA:97,1
DA:98,1
DA:100,1
DA:102,1
DA:106,0
DA:110,1
DA:111,0
DA:115,0
DA:116,0
DA:119,1
LF:42
LH:25
BRF:0
BRH:0
end_of_record
TN:
SF:C:\Mean\FinalAssessment\ProjectManagement_Frontend\src\app\user\add-user\add-user.component.ts
FN:17,AddUserComponent
FN:22,(anonymous_2)
FN:31,(anonymous_3)
FN:37,(anonymous_4)
FN:54,(anonymous_5)
FN:60,(anonymous_6)
FN:64,(anonymous_7)
FN:70,(anonymous_8)
FN:82,(anonymous_9)
FN:88,(anonymous_10)
FN:94,(anonymous_11)
FNF:11
FNH:3
FNDA:10,AddUserComponent
FNDA:8,(anonymous_2)
FNDA:0,(anonymous_3)
FNDA:0,(anonymous_4)
FNDA:0,(anonymous_5)
FNDA:2,(anonymous_6)
FNDA:0,(anonymous_7)
FNDA:0,(anonymous_8)
FNDA:0,(anonymous_9)
FNDA:0,(anonymous_10)
FNDA:0,(anonymous_11)
DA:11,1
DA:13,10
DA:14,1
DA:17,10
DA:18,1
DA:19,10
DA:22,1
DA:23,8
DA:31,1
DA:33,0
DA:35,0
DA:36,0
DA:38,0
DA:40,0
DA:45,0
DA:54,1
DA:56,0
DA:60,2
DA:62,1
DA:63,1
DA:65,0
DA:66,0
DA:67,0
DA:71,0
DA:75,1
DA:81,1
DA:83,0
DA:84,0
DA:85,0
DA:86,0
DA:89,0
DA:94,1
DA:95,0
DA:96,0
DA:98,1
LF:35
LH:17
BRDA:34,0,0,0
BRDA:34,0,1,0
BRF:2
BRH:0
end_of_record
TN:
SF:C:\Mean\FinalAssessment\ProjectManagement_Frontend\src\app\user\user-form\user-form.component.ts
FN:14,UserFormComponent
FN:16,(anonymous_2)
FN:21,(anonymous_3)
FN:23,(anonymous_4)
FN:30,(anonymous_5)
FN:36,(anonymous_6)
FNF:6
FNH:2
FNDA:2,UserFormComponent
FNDA:2,(anonymous_2)
FNDA:0,(anonymous_3)
FNDA:0,(anonymous_4)
FNDA:0,(anonymous_5)
FNDA:0,(anonymous_6)
DA:10,1
DA:14,2
DA:16,1
DA:21,1
DA:22,0
DA:24,0
DA:25,0
DA:30,1
DA:31,0
DA:32,0
DA:36,1
DA:37,0
DA:38,0
DA:41,1
LF:14
LH:7
BRF:0
BRH:0
end_of_record
TN:
SF:C:\Mean\FinalAssessment\ProjectManagement_Frontend\src\app\user\view-user\view-user.component.ts
FN:24,ViewUserComponent
FN:26,(anonymous_2)
FN:30,(anonymous_3)
FN:40,(anonymous_4)
FN:42,(anonymous_5)
FN:49,(anonymous_6)
FN:74,(anonymous_7)
FN:80,(anonymous_8)
FN:81,(anonymous_9)
FN:82,(anonymous_10)
FN:92,(anonymous_11)
FN:97,(anonymous_12)
FN:99,(anonymous_13)
FNF:13
FNH:5
FNDA:8,ViewUserComponent
FNDA:8,(anonymous_2)
FNDA:0,(anonymous_3)
FNDA:8,(anonymous_4)
FNDA:7,(anonymous_5)
FNDA:4,(anonymous_6)
FNDA:0,(anonymous_7)
FNDA:0,(anonymous_8)
FNDA:0,(anonymous_9)
FNDA:0,(anonymous_10)
FNDA:0,(anonymous_11)
FNDA:0,(anonymous_12)
FNDA:0,(anonymous_13)
DA:11,1
DA:14,1
DA:15,8
DA:20,8
DA:21,8
DA:22,8
DA:23,8
DA:24,8
DA:26,1
DA:27,8
DA:30,1
DA:33,0
DA:34,0
DA:40,8
DA:41,8
DA:44,7
DA:45,7
DA:49,1
DA:52,1
DA:53,1
DA:57,1
DA:58,1
DA:62,1
DA:63,1
DA:66,1
DA:74,1
DA:76,0
DA:78,0
DA:80,0
DA:81,0
DA:82,0
DA:83,0
DA:87,0
DA:92,1
DA:94,0
DA:97,1
DA:98,0
DA:100,0
DA:101,0
DA:104,1
LF:40
LH:27
BRF:0
BRH:0
end_of_record
TN:
SF:C:\Mean\FinalAssessment\ProjectManagement_Frontend\src\environments\environment.ts
FNF:0
FNH:0
LF:0
LH:0
BRF:0
BRH:0
end_of_record
